#! /d/a/fpga-toolchain-build/fpga-toolchain-build/iverilog/_install/bin/vvp
:ivl_version "11.0 (stable)" "(d3b0992)";
:ivl_delay_selection "TYPICAL";
:vpi_time_precision + 0;
:vpi_module "C:\PROGRA~3\CHOCOL~1\lib\iverilog\tools\lib\ivl\system.vpi";
:vpi_module "C:\PROGRA~3\CHOCOL~1\lib\iverilog\tools\lib\ivl\vhdl_sys.vpi";
:vpi_module "C:\PROGRA~3\CHOCOL~1\lib\iverilog\tools\lib\ivl\vhdl_textio.vpi";
:vpi_module "C:\PROGRA~3\CHOCOL~1\lib\iverilog\tools\lib\ivl\v2005_math.vpi";
:vpi_module "C:\PROGRA~3\CHOCOL~1\lib\iverilog\tools\lib\ivl\va_math.vpi";
:vpi_module "C:\PROGRA~3\CHOCOL~1\lib\iverilog\tools\lib\ivl\v2009.vpi";
S_0000025b9ee4a4c0 .scope package, "$unit" "$unit" 2 1;
 .timescale 0 0;
S_0000025b9ee4a650 .scope module, "tt_um_zonlykroks_8bit_riscv" "tt_um_zonlykroks_8bit_riscv" 3 9;
 .timescale 0 0;
    .port_info 0 /INPUT 8 "ui_in";
    .port_info 1 /OUTPUT 8 "uo_out";
    .port_info 2 /INPUT 8 "uio_in";
    .port_info 3 /OUTPUT 8 "uio_out";
    .port_info 4 /OUTPUT 8 "uio_oe";
    .port_info 5 /INPUT 1 "ena";
    .port_info 6 /INPUT 1 "clk";
    .port_info 7 /INPUT 1 "rst_n";
o0000025b9ef02668 .functor BUFZ 1, C4<z>; HiZ drive
o0000025b9ef02638 .functor BUFZ 1, C4<z>; HiZ drive
L_0000025b9eec9010 .functor AND 1, o0000025b9ef02668, o0000025b9ef02638, C4<1>, C4<1>;
L_0000025b9eec96a0 .functor BUFZ 1, v0000025b9ef44d00_0, C4<0>, C4<0>, C4<0>;
L_0000025b9eec90f0 .functor BUFZ 1, L_0000025b9efae1a0, C4<0>, C4<0>, C4<0>;
L_0000025b9eec9240 .functor BUFZ 1, L_0000025b9efad3e0, C4<0>, C4<0>, C4<0>;
v0000025b9ef4b870_0 .net *"_ivl_13", 3 0, L_0000025b9efac620;  1 drivers
v0000025b9ef4b370_0 .net *"_ivl_18", 3 0, L_0000025b9efadca0;  1 drivers
v0000025b9ef4a790_0 .net *"_ivl_22", 0 0, L_0000025b9eec96a0;  1 drivers
v0000025b9ef4af10_0 .net *"_ivl_26", 1 0, L_0000025b9efae880;  1 drivers
v0000025b9ef4afb0_0 .net *"_ivl_30", 1 0, L_0000025b9efac300;  1 drivers
v0000025b9ef4b050_0 .net *"_ivl_34", 0 0, L_0000025b9eec90f0;  1 drivers
v0000025b9ef4b550_0 .net *"_ivl_39", 0 0, L_0000025b9eec9240;  1 drivers
L_0000025b9ef4ca60 .functor BUFT 1, C4<1>, C4<0>, C4<0>, C4<0>;
v0000025b9ef4b0f0_0 .net/2u *"_ivl_42", 0 0, L_0000025b9ef4ca60;  1 drivers
L_0000025b9ef4caa8 .functor BUFT 1, C4<1>, C4<0>, C4<0>, C4<0>;
v0000025b9ef4b9b0_0 .net/2u *"_ivl_46", 0 0, L_0000025b9ef4caa8;  1 drivers
L_0000025b9ef4caf0 .functor BUFT 1, C4<111111>, C4<0>, C4<0>, C4<0>;
v0000025b9ef4b5f0_0 .net/2u *"_ivl_51", 5 0, L_0000025b9ef4caf0;  1 drivers
L_0000025b9ef4c118 .functor BUFT 1, C4<0>, C4<0>, C4<0>, C4<0>;
v0000025b9ef4b190_0 .net/2u *"_ivl_8", 0 0, L_0000025b9ef4c118;  1 drivers
v0000025b9ef4a150_0 .net "addr_out", 15 0, L_0000025b9eec91d0;  1 drivers
o0000025b9ef00688 .functor BUFZ 1, C4<z>; HiZ drive
v0000025b9ef4b230_0 .net "clk", 0 0, o0000025b9ef00688;  0 drivers
v0000025b9ef4b2d0_0 .net "cpu_halt", 0 0, L_0000025b9efae1a0;  1 drivers
v0000025b9ef4a6f0_0 .net "cpu_rst_n", 0 0, L_0000025b9eec9010;  1 drivers
v0000025b9ef4a510_0 .net "debug_en", 0 0, L_0000025b9ef4ba50;  1 drivers
v0000025b9ef4b4b0_0 .net "ena", 0 0, o0000025b9ef02638;  0 drivers
v0000025b9ef4a1f0_0 .net "output_valid", 0 0, L_0000025b9efad3e0;  1 drivers
v0000025b9ef4b690_0 .net "pc", 15 0, L_0000025b9eec9780;  1 drivers
v0000025b9ef4b730_0 .net "rst_n", 0 0, o0000025b9ef02668;  0 drivers
v0000025b9ef4a830_0 .net "scl_out", 0 0, v0000025b9ef44d00_0;  1 drivers
RS_0000025b9ef00f28 .resolv tri, L_0000025b9ef4be10, L_0000025b9ef96010;
v0000025b9ef4a470_0 .net8 "sda_wire", 0 0, RS_0000025b9ef00f28;  2 drivers
o0000025b9ef02698 .functor BUFZ 8, C4<zzzzzzzz>; HiZ drive
v0000025b9ef4b7d0_0 .net "ui_in", 7 0, o0000025b9ef02698;  0 drivers
o0000025b9ef026c8 .functor BUFZ 8, C4<zzzzzzzz>; HiZ drive
v0000025b9ef4b910_0 .net "uio_in", 7 0, o0000025b9ef026c8;  0 drivers
v0000025b9ef4bb90_0 .net "uio_oe", 7 0, L_0000025b9efac6c0;  1 drivers
v0000025b9ef4a290_0 .net "uio_out", 7 0, L_0000025b9efacb20;  1 drivers
v0000025b9ef4a330_0 .net "uo_out", 7 0, L_0000025b9efade80;  1 drivers
L_0000025b9ef4ba50 .part o0000025b9ef02698, 0, 1;
L_0000025b9ef4be10 .part o0000025b9ef026c8, 1, 1;
L_0000025b9efac620 .part L_0000025b9eec9780, 0, 4;
L_0000025b9efade80 .concat8 [ 4 4 0 0], L_0000025b9efac620, L_0000025b9efadca0;
L_0000025b9efadca0 .part L_0000025b9eec91d0, 0, 4;
L_0000025b9efae880 .part L_0000025b9eec91d0, 14, 2;
L_0000025b9efac300 .part L_0000025b9eec9780, 6, 2;
LS_0000025b9efacb20_0_0 .concat8 [ 1 1 2 2], L_0000025b9eec96a0, L_0000025b9ef4c118, L_0000025b9efae880, L_0000025b9efac300;
LS_0000025b9efacb20_0_4 .concat8 [ 1 1 0 0], L_0000025b9eec90f0, L_0000025b9eec9240;
L_0000025b9efacb20 .concat8 [ 6 2 0 0], LS_0000025b9efacb20_0_0, LS_0000025b9efacb20_0_4;
L_0000025b9efac6c0 .concat8 [ 1 1 6 0], L_0000025b9ef4ca60, L_0000025b9ef4caa8, L_0000025b9ef4caf0;
S_0000025b9ee4a7e0 .scope module, "cpu" "riscv_cpu" 3 41, 4 9 0, S_0000025b9ee4a650;
 .timescale 0 0;
    .port_info 0 /INPUT 1 "clk";
    .port_info 1 /INPUT 1 "rst_n";
    .port_info 2 /INOUT 1 "sda";
    .port_info 3 /OUTPUT 1 "scl";
    .port_info 4 /OUTPUT 16 "pc_out";
    .port_info 5 /OUTPUT 16 "addr_out";
    .port_info 6 /OUTPUT 1 "halt";
    .port_info 7 /OUTPUT 1 "valid";
P_0000025b9ee79700 .param/l "STATE_EXECUTE" 1 4 29, C4<01>;
P_0000025b9ee79738 .param/l "STATE_FETCH" 1 4 28, C4<00>;
P_0000025b9ee79770 .param/l "STATE_HALT" 1 4 31, C4<11>;
P_0000025b9ee797a8 .param/l "STATE_WRITEBACK" 1 4 30, C4<10>;
L_0000025b9eec9c50 .functor BUFZ 16, L_0000025b9ef942b0, C4<0000000000000000>, C4<0000000000000000>, C4<0000000000000000>;
L_0000025b9eec92b0 .functor AND 1, v0000025b9ef458e0_0, L_0000025b9ef94a30, C4<1>, C4<1>;
L_0000025b9eec99b0 .functor BUFZ 16, L_0000025b9ef95930, C4<0000000000000000>, C4<0000000000000000>, C4<0000000000000000>;
L_0000025b9eec9780 .functor BUFZ 16, v0000025b9ef48f00_0, C4<0000000000000000>, C4<0000000000000000>, C4<0000000000000000>;
L_0000025b9eec91d0 .functor BUFZ 16, v0000025b9ef488c0_0, C4<0000000000000000>, C4<0000000000000000>, C4<0000000000000000>;
L_0000025b9ef4ca18 .functor BUFT 1, C4<10>, C4<0>, C4<0>, C4<0>;
v0000025b9ef46db0_0 .net/2u *"_ivl_100", 1 0, L_0000025b9ef4ca18;  1 drivers
v0000025b9ef461d0_0 .net *"_ivl_13", 0 0, L_0000025b9ef4ac90;  1 drivers
v0000025b9ef47cb0_0 .net *"_ivl_14", 9 0, L_0000025b9ef4beb0;  1 drivers
v0000025b9ef46e50_0 .net *"_ivl_21", 0 0, L_0000025b9ef95570;  1 drivers
v0000025b9ef47ad0_0 .net *"_ivl_22", 8 0, L_0000025b9ef94170;  1 drivers
L_0000025b9ef4c160 .functor BUFT 1, C4<0>, C4<0>, C4<0>, C4<0>;
v0000025b9ef47170_0 .net/2u *"_ivl_24", 0 0, L_0000025b9ef4c160;  1 drivers
v0000025b9ef47210_0 .net *"_ivl_29", 0 0, L_0000025b9ef943f0;  1 drivers
v0000025b9ef472b0_0 .net *"_ivl_30", 7 0, L_0000025b9ef95c50;  1 drivers
L_0000025b9ef4c1a8 .functor BUFT 1, C4<00>, C4<0>, C4<0>, C4<0>;
v0000025b9ef47350_0 .net/2u *"_ivl_32", 1 0, L_0000025b9ef4c1a8;  1 drivers
v0000025b9ef47b70_0 .net *"_ivl_36", 15 0, L_0000025b9ef94f30;  1 drivers
v0000025b9ef47d50_0 .net *"_ivl_38", 13 0, L_0000025b9ef95ed0;  1 drivers
L_0000025b9ef4c1f0 .functor BUFT 1, C4<00>, C4<0>, C4<0>, C4<0>;
v0000025b9ef47490_0 .net *"_ivl_40", 1 0, L_0000025b9ef4c1f0;  1 drivers
L_0000025b9ef4c238 .functor BUFT 1, C4<00000000000000>, C4<0>, C4<0>, C4<0>;
v0000025b9ef47670_0 .net/2u *"_ivl_42", 13 0, L_0000025b9ef4c238;  1 drivers
v0000025b9ef47530_0 .net *"_ivl_44", 14 0, L_0000025b9ef95cf0;  1 drivers
v0000025b9ef477b0_0 .net *"_ivl_46", 15 0, L_0000025b9ef95f70;  1 drivers
L_0000025b9ef4c280 .functor BUFT 1, C4<0>, C4<0>, C4<0>, C4<0>;
v0000025b9ef47c10_0 .net *"_ivl_49", 0 0, L_0000025b9ef4c280;  1 drivers
L_0000025b9ef4c2c8 .functor BUFT 1, C4<1000000000000000>, C4<0>, C4<0>, C4<0>;
v0000025b9ef49b80_0 .net/2u *"_ivl_52", 15 0, L_0000025b9ef4c2c8;  1 drivers
L_0000025b9ef4c5e0 .functor BUFT 1, C4<00>, C4<0>, C4<0>, C4<0>;
v0000025b9ef48c80_0 .net/2u *"_ivl_56", 1 0, L_0000025b9ef4c5e0;  1 drivers
v0000025b9ef494a0_0 .net *"_ivl_58", 0 0, L_0000025b9ef95bb0;  1 drivers
L_0000025b9ef4c628 .functor BUFT 1, C4<01>, C4<0>, C4<0>, C4<0>;
v0000025b9ef48be0_0 .net/2u *"_ivl_60", 1 0, L_0000025b9ef4c628;  1 drivers
v0000025b9ef49040_0 .net *"_ivl_62", 0 0, L_0000025b9ef95e30;  1 drivers
L_0000025b9ef4c670 .functor BUFT 1, C4<10>, C4<0>, C4<0>, C4<0>;
v0000025b9ef49ae0_0 .net/2u *"_ivl_64", 1 0, L_0000025b9ef4c670;  1 drivers
v0000025b9ef48500_0 .net *"_ivl_66", 0 0, L_0000025b9ef947b0;  1 drivers
L_0000025b9ef4c6b8 .functor BUFT 1, C4<0000000000000001>, C4<0>, C4<0>, C4<0>;
v0000025b9ef48640_0 .net/2u *"_ivl_68", 15 0, L_0000025b9ef4c6b8;  1 drivers
v0000025b9ef483c0_0 .net *"_ivl_70", 15 0, L_0000025b9ef94e90;  1 drivers
L_0000025b9ef4c700 .functor BUFT 1, C4<11>, C4<0>, C4<0>, C4<0>;
v0000025b9ef49900_0 .net/2u *"_ivl_72", 1 0, L_0000025b9ef4c700;  1 drivers
v0000025b9ef49fe0_0 .net *"_ivl_74", 0 0, L_0000025b9ef948f0;  1 drivers
v0000025b9ef492c0_0 .net *"_ivl_76", 15 0, L_0000025b9ef94fd0;  1 drivers
v0000025b9ef49f40_0 .net *"_ivl_78", 15 0, L_0000025b9ef94850;  1 drivers
v0000025b9ef481e0_0 .net *"_ivl_80", 15 0, L_0000025b9ef95a70;  1 drivers
L_0000025b9ef4c748 .functor BUFT 1, C4<10>, C4<0>, C4<0>, C4<0>;
v0000025b9ef48140_0 .net/2u *"_ivl_84", 1 0, L_0000025b9ef4c748;  1 drivers
v0000025b9ef485a0_0 .net *"_ivl_86", 0 0, L_0000025b9ef94a30;  1 drivers
L_0000025b9ef4c9d0 .functor BUFT 1, C4<11>, C4<0>, C4<0>, C4<0>;
v0000025b9ef49360_0 .net/2u *"_ivl_96", 1 0, L_0000025b9ef4c9d0;  1 drivers
v0000025b9ef49860_0 .net "addr_out", 15 0, L_0000025b9eec91d0;  alias, 1 drivers
v0000025b9ef49c20_0 .var "alu_b", 15 0;
v0000025b9ef48e60_0 .net "alu_op", 4 0, v0000025b9ef45f20_0;  1 drivers
v0000025b9ef48780_0 .net "alu_out", 15 0, v0000025b9ef44260_0;  1 drivers
v0000025b9ef48280_0 .net "branch_taken_alu", 0 0, L_0000025b9efae740;  1 drivers
v0000025b9ef49540_0 .net "clk", 0 0, o0000025b9ef00688;  alias, 0 drivers
v0000025b9ef486e0_0 .net "data_addr", 15 0, L_0000025b9ef94df0;  1 drivers
v0000025b9ef48960_0 .var "fetch_counter", 0 0;
v0000025b9ef499a0_0 .net "funct3", 2 0, L_0000025b9ef4aab0;  1 drivers
v0000025b9ef49cc0_0 .net "halt", 0 0, L_0000025b9efae1a0;  alias, 1 drivers
v0000025b9ef488c0_0 .var "i2c_address", 15 0;
v0000025b9ef490e0_0 .net "i2c_error", 0 0, v0000025b9ef44b20_0;  1 drivers
v0000025b9ef49a40_0 .net "i2c_read_data", 7 0, v0000025b9ef453e0_0;  1 drivers
v0000025b9ef49180_0 .var "i2c_read_write", 0 0;
v0000025b9ef495e0_0 .net "i2c_ready", 0 0, v0000025b9ef45020_0;  1 drivers
v0000025b9ef49d60_0 .var "i2c_start", 0 0;
v0000025b9ef49680_0 .var "i2c_write_data", 7 0;
v0000025b9ef49e00_0 .net "imm_b", 15 0, L_0000025b9ef95890;  1 drivers
v0000025b9ef48820_0 .net "imm_base", 5 0, L_0000025b9ef4abf0;  1 drivers
v0000025b9ef49ea0_0 .net "imm_i", 15 0, L_0000025b9ef942b0;  1 drivers
v0000025b9ef48a00_0 .net "imm_j", 15 0, L_0000025b9ef94350;  1 drivers
v0000025b9ef48b40_0 .net "imm_s", 15 0, L_0000025b9eec9c50;  1 drivers
v0000025b9ef48fa0_0 .var "instruction", 15 0;
v0000025b9ef48460_0 .net "instruction_addr", 15 0, L_0000025b9ef95d90;  1 drivers
v0000025b9ef48320 .array "instruction_bytes", 0 1, 7 0;
v0000025b9ef48aa0_0 .var "mem_data_out", 15 0;
v0000025b9ef48d20_0 .net "mem_read_en", 0 0, v0000025b9ef45fc0_0;  1 drivers
v0000025b9ef49400_0 .net "mem_write_en", 0 0, v0000025b9ef44da0_0;  1 drivers
v0000025b9ef48dc0_0 .var "next_state", 1 0;
v0000025b9ef49720_0 .net "opcode", 3 0, L_0000025b9ef4a8d0;  1 drivers
v0000025b9ef48f00_0 .var "pc", 15 0;
v0000025b9ef497c0_0 .net "pc_out", 15 0, L_0000025b9eec9780;  alias, 1 drivers
v0000025b9ef49220_0 .net "pc_sel", 1 0, v0000025b9ef45ac0_0;  1 drivers
v0000025b9ef4ae70_0 .net "rd", 2 0, L_0000025b9ef4ab50;  1 drivers
v0000025b9ef4ad30_0 .net "reg_data1", 15 0, L_0000025b9ef95930;  1 drivers
v0000025b9ef4a650_0 .net "reg_data2", 15 0, L_0000025b9ef956b0;  1 drivers
v0000025b9ef4bf50_0 .net "reg_data_sel", 1 0, v0000025b9ef44120_0;  1 drivers
v0000025b9ef4bc30_0 .net "reg_write_en", 0 0, v0000025b9ef458e0_0;  1 drivers
v0000025b9ef4add0_0 .net "rs1", 2 0, L_0000025b9ef4a970;  1 drivers
v0000025b9ef4bd70_0 .net "rs1_data", 15 0, L_0000025b9eec99b0;  1 drivers
v0000025b9ef4baf0_0 .net "rs2", 2 0, L_0000025b9ef4aa10;  1 drivers
v0000025b9ef4b410_0 .net "rst_n", 0 0, L_0000025b9eec9010;  alias, 1 drivers
v0000025b9ef4bff0_0 .net "scl", 0 0, v0000025b9ef44d00_0;  alias, 1 drivers
v0000025b9ef4bcd0_0 .net8 "sda", 0 0, RS_0000025b9ef00f28;  alias, 2 drivers
v0000025b9ef4a3d0_0 .var "state", 1 0;
v0000025b9ef4a5b0_0 .net "valid", 0 0, L_0000025b9efad3e0;  alias, 1 drivers
E_0000025b9eeda9b0 .event edge, v0000025b9ef44440_0, v0000025b9ef49ea0_0, v0000025b9ef48b40_0, v0000025b9ef468b0_0;
E_0000025b9eedb5f0/0 .event edge, v0000025b9ef4a3d0_0, v0000025b9ef45020_0, v0000025b9ef44b20_0, v0000025b9ef44440_0;
E_0000025b9eedb5f0/1 .event edge, v0000025b9ef48fa0_0;
E_0000025b9eedb5f0 .event/or E_0000025b9eedb5f0/0, E_0000025b9eedb5f0/1;
L_0000025b9ef4a8d0 .part v0000025b9ef48fa0_0, 12, 4;
L_0000025b9ef4ab50 .part v0000025b9ef48fa0_0, 9, 3;
L_0000025b9ef4a970 .part v0000025b9ef48fa0_0, 6, 3;
L_0000025b9ef4aa10 .part v0000025b9ef48fa0_0, 3, 3;
L_0000025b9ef4aab0 .part v0000025b9ef48fa0_0, 0, 3;
L_0000025b9ef4abf0 .part v0000025b9ef48fa0_0, 0, 6;
L_0000025b9ef4ac90 .part L_0000025b9ef4abf0, 5, 1;
LS_0000025b9ef4beb0_0_0 .concat [ 1 1 1 1], L_0000025b9ef4ac90, L_0000025b9ef4ac90, L_0000025b9ef4ac90, L_0000025b9ef4ac90;
LS_0000025b9ef4beb0_0_4 .concat [ 1 1 1 1], L_0000025b9ef4ac90, L_0000025b9ef4ac90, L_0000025b9ef4ac90, L_0000025b9ef4ac90;
LS_0000025b9ef4beb0_0_8 .concat [ 1 1 0 0], L_0000025b9ef4ac90, L_0000025b9ef4ac90;
L_0000025b9ef4beb0 .concat [ 4 4 2 0], LS_0000025b9ef4beb0_0_0, LS_0000025b9ef4beb0_0_4, LS_0000025b9ef4beb0_0_8;
L_0000025b9ef942b0 .concat [ 6 10 0 0], L_0000025b9ef4abf0, L_0000025b9ef4beb0;
L_0000025b9ef95570 .part L_0000025b9ef4abf0, 5, 1;
LS_0000025b9ef94170_0_0 .concat [ 1 1 1 1], L_0000025b9ef95570, L_0000025b9ef95570, L_0000025b9ef95570, L_0000025b9ef95570;
LS_0000025b9ef94170_0_4 .concat [ 1 1 1 1], L_0000025b9ef95570, L_0000025b9ef95570, L_0000025b9ef95570, L_0000025b9ef95570;
LS_0000025b9ef94170_0_8 .concat [ 1 0 0 0], L_0000025b9ef95570;
L_0000025b9ef94170 .concat [ 4 4 1 0], LS_0000025b9ef94170_0_0, LS_0000025b9ef94170_0_4, LS_0000025b9ef94170_0_8;
L_0000025b9ef95890 .concat [ 1 6 9 0], L_0000025b9ef4c160, L_0000025b9ef4abf0, L_0000025b9ef94170;
L_0000025b9ef943f0 .part L_0000025b9ef4abf0, 5, 1;
LS_0000025b9ef95c50_0_0 .concat [ 1 1 1 1], L_0000025b9ef943f0, L_0000025b9ef943f0, L_0000025b9ef943f0, L_0000025b9ef943f0;
LS_0000025b9ef95c50_0_4 .concat [ 1 1 1 1], L_0000025b9ef943f0, L_0000025b9ef943f0, L_0000025b9ef943f0, L_0000025b9ef943f0;
L_0000025b9ef95c50 .concat [ 4 4 0 0], LS_0000025b9ef95c50_0_0, LS_0000025b9ef95c50_0_4;
L_0000025b9ef94350 .concat [ 2 6 8 0], L_0000025b9ef4c1a8, L_0000025b9ef4abf0, L_0000025b9ef95c50;
L_0000025b9ef95ed0 .part v0000025b9ef48f00_0, 0, 14;
L_0000025b9ef94f30 .concat [ 2 14 0 0], L_0000025b9ef4c1f0, L_0000025b9ef95ed0;
L_0000025b9ef95cf0 .concat [ 1 14 0 0], v0000025b9ef48960_0, L_0000025b9ef4c238;
L_0000025b9ef95f70 .concat [ 15 1 0 0], L_0000025b9ef95cf0, L_0000025b9ef4c280;
L_0000025b9ef95d90 .arith/sum 16, L_0000025b9ef94f30, L_0000025b9ef95f70;
L_0000025b9ef94df0 .arith/sum 16, L_0000025b9ef4c2c8, v0000025b9ef44260_0;
L_0000025b9ef95bb0 .cmp/eq 2, v0000025b9ef44120_0, L_0000025b9ef4c5e0;
L_0000025b9ef95e30 .cmp/eq 2, v0000025b9ef44120_0, L_0000025b9ef4c628;
L_0000025b9ef947b0 .cmp/eq 2, v0000025b9ef44120_0, L_0000025b9ef4c670;
L_0000025b9ef94e90 .arith/sum 16, v0000025b9ef48f00_0, L_0000025b9ef4c6b8;
L_0000025b9ef948f0 .cmp/eq 2, v0000025b9ef44120_0, L_0000025b9ef4c700;
L_0000025b9ef94fd0 .functor MUXZ 16, v0000025b9ef44260_0, L_0000025b9ef942b0, L_0000025b9ef948f0, C4<>;
L_0000025b9ef94850 .functor MUXZ 16, L_0000025b9ef94fd0, L_0000025b9ef94e90, L_0000025b9ef947b0, C4<>;
L_0000025b9ef95a70 .functor MUXZ 16, L_0000025b9ef94850, v0000025b9ef48aa0_0, L_0000025b9ef95e30, C4<>;
L_0000025b9ef94990 .functor MUXZ 16, L_0000025b9ef95a70, v0000025b9ef44260_0, L_0000025b9ef95bb0, C4<>;
L_0000025b9ef94a30 .cmp/eq 2, v0000025b9ef4a3d0_0, L_0000025b9ef4c748;
L_0000025b9efae1a0 .cmp/eq 2, v0000025b9ef4a3d0_0, L_0000025b9ef4c9d0;
L_0000025b9efad3e0 .cmp/eq 2, v0000025b9ef4a3d0_0, L_0000025b9ef4ca18;
S_0000025b9ee797f0 .scope module, "alu_inst" "alu" 4 224, 5 9 0, S_0000025b9ee4a7e0;
 .timescale 0 0;
    .port_info 0 /INPUT 1 "clk";
    .port_info 1 /INPUT 1 "rst_n";
    .port_info 2 /INPUT 16 "a";
    .port_info 3 /INPUT 16 "b";
    .port_info 4 /INPUT 5 "alu_op";
    .port_info 5 /OUTPUT 16 "result";
    .port_info 6 /OUTPUT 1 "zero_flag";
P_0000025b9ee91ad0 .param/l "ALU_ADD" 1 5 21, C4<00000>;
P_0000025b9ee91b08 .param/l "ALU_AND" 1 5 23, C4<00010>;
P_0000025b9ee91b40 .param/l "ALU_BEQ" 1 5 33, C4<10000>;
P_0000025b9ee91b78 .param/l "ALU_BGE" 1 5 36, C4<10011>;
P_0000025b9ee91bb0 .param/l "ALU_BGEU" 1 5 38, C4<10101>;
P_0000025b9ee91be8 .param/l "ALU_BLT" 1 5 35, C4<10010>;
P_0000025b9ee91c20 .param/l "ALU_BLTU" 1 5 37, C4<10100>;
P_0000025b9ee91c58 .param/l "ALU_BNE" 1 5 34, C4<10001>;
P_0000025b9ee91c90 .param/l "ALU_OR" 1 5 24, C4<00011>;
P_0000025b9ee91cc8 .param/l "ALU_SLL" 1 5 28, C4<00111>;
P_0000025b9ee91d00 .param/l "ALU_SLT" 1 5 26, C4<00101>;
P_0000025b9ee91d38 .param/l "ALU_SLTU" 1 5 27, C4<00110>;
P_0000025b9ee91d70 .param/l "ALU_SRA" 1 5 30, C4<01001>;
P_0000025b9ee91da8 .param/l "ALU_SRL" 1 5 29, C4<01000>;
P_0000025b9ee91de0 .param/l "ALU_SUB" 1 5 22, C4<00001>;
P_0000025b9ee91e18 .param/l "ALU_XOR" 1 5 25, C4<00100>;
L_0000025b9eec8f30 .functor BUFZ 16, L_0000025b9eec99b0, C4<0000000000000000>, C4<0000000000000000>, C4<0000000000000000>;
L_0000025b9eec94e0 .functor BUFZ 16, v0000025b9ef49c20_0, C4<0000000000000000>, C4<0000000000000000>, C4<0000000000000000>;
L_0000025b9ef4c790 .functor BUFT 1, C4<00001>, C4<0>, C4<0>, C4<0>;
v0000025b9eece830_0 .net/2u *"_ivl_0", 4 0, L_0000025b9ef4c790;  1 drivers
v0000025b9eece330_0 .net *"_ivl_10", 16 0, L_0000025b9ef94c10;  1 drivers
v0000025b9eeceab0_0 .net *"_ivl_12", 16 0, L_0000025b9ef95610;  1 drivers
L_0000025b9ef4c868 .functor BUFT 1, C4<0>, C4<0>, C4<0>, C4<0>;
v0000025b9eeceb50_0 .net/2u *"_ivl_14", 0 0, L_0000025b9ef4c868;  1 drivers
v0000025b9eecfc30_0 .net *"_ivl_16", 16 0, L_0000025b9ef94b70;  1 drivers
L_0000025b9ef4c8b0 .functor BUFT 1, C4<0>, C4<0>, C4<0>, C4<0>;
v0000025b9eecf410_0 .net/2u *"_ivl_18", 0 0, L_0000025b9ef4c8b0;  1 drivers
v0000025b9ee42e40_0 .net *"_ivl_2", 0 0, L_0000025b9ef94ad0;  1 drivers
v0000025b9ee432a0_0 .net *"_ivl_20", 16 0, L_0000025b9ef94cb0;  1 drivers
v0000025b9ee43980_0 .net *"_ivl_22", 16 0, L_0000025b9ef95110;  1 drivers
L_0000025b9ef4c8f8 .functor BUFT 1, C4<00111>, C4<0>, C4<0>, C4<0>;
v0000025b9ee43de0_0 .net/2u *"_ivl_38", 4 0, L_0000025b9ef4c8f8;  1 drivers
L_0000025b9ef4c7d8 .functor BUFT 1, C4<0>, C4<0>, C4<0>, C4<0>;
v0000025b9ee44420_0 .net/2u *"_ivl_4", 0 0, L_0000025b9ef4c7d8;  1 drivers
L_0000025b9ef4c940 .functor BUFT 1, C4<01001>, C4<0>, C4<0>, C4<0>;
v0000025b9ee44560_0 .net/2u *"_ivl_42", 4 0, L_0000025b9ef4c940;  1 drivers
L_0000025b9ef4c988 .functor BUFT 1, C4<0000000000000000>, C4<0>, C4<0>, C4<0>;
v0000025b9ef45b60_0 .net/2u *"_ivl_46", 15 0, L_0000025b9ef4c988;  1 drivers
v0000025b9ef455c0_0 .net *"_ivl_6", 16 0, L_0000025b9ef95b10;  1 drivers
L_0000025b9ef4c820 .functor BUFT 1, C4<0>, C4<0>, C4<0>, C4<0>;
v0000025b9ef448a0_0 .net/2u *"_ivl_8", 0 0, L_0000025b9ef4c820;  1 drivers
v0000025b9ef45480_0 .net "a", 15 0, L_0000025b9eec99b0;  alias, 1 drivers
v0000025b9ef45200_0 .net/s "a_signed", 15 0, L_0000025b9eec8f30;  1 drivers
v0000025b9ef452a0_0 .net "add_sub_result", 16 0, L_0000025b9ef951b0;  1 drivers
v0000025b9ef444e0_0 .net "alu_op", 4 0, v0000025b9ef45f20_0;  alias, 1 drivers
v0000025b9ef44580_0 .net "b", 15 0, v0000025b9ef49c20_0;  1 drivers
v0000025b9ef450c0_0 .net/s "b_signed", 15 0, L_0000025b9eec94e0;  1 drivers
v0000025b9ef45a20_0 .net "clk", 0 0, o0000025b9ef00688;  alias, 0 drivers
v0000025b9ef44940_0 .net "equal", 0 0, L_0000025b9ef957f0;  1 drivers
v0000025b9ef449e0_0 .net "less_than_signed", 0 0, L_0000025b9ef95250;  1 drivers
v0000025b9ef44300_0 .net "less_than_unsigned", 0 0, L_0000025b9ef95430;  1 drivers
v0000025b9ef44260_0 .var "result", 15 0;
v0000025b9ef45de0_0 .net "rst_n", 0 0, L_0000025b9eec9010;  alias, 1 drivers
v0000025b9ef45e80_0 .net "shift_amount", 3 0, L_0000025b9ef95750;  1 drivers
v0000025b9ef443a0_0 .net "shift_arith", 0 0, L_0000025b9efae100;  1 drivers
v0000025b9ef44ee0_0 .net "shift_left", 0 0, L_0000025b9efae600;  1 drivers
v0000025b9ef45340_0 .net "shift_result", 15 0, v0000025b9eecfeb0_0;  1 drivers
v0000025b9ef45660_0 .net "zero_flag", 0 0, L_0000025b9efae740;  alias, 1 drivers
E_0000025b9eedac30/0 .event edge, v0000025b9ef444e0_0, v0000025b9ef452a0_0, v0000025b9eece290_0, v0000025b9ef44580_0;
E_0000025b9eedac30/1 .event edge, v0000025b9ef449e0_0, v0000025b9ef44300_0, v0000025b9eecfeb0_0, v0000025b9ef44940_0;
E_0000025b9eedac30 .event/or E_0000025b9eedac30/0, E_0000025b9eedac30/1;
L_0000025b9ef94ad0 .cmp/eq 5, v0000025b9ef45f20_0, L_0000025b9ef4c790;
L_0000025b9ef95b10 .concat [ 16 1 0 0], L_0000025b9eec99b0, L_0000025b9ef4c7d8;
L_0000025b9ef94c10 .concat [ 16 1 0 0], v0000025b9ef49c20_0, L_0000025b9ef4c820;
L_0000025b9ef95610 .arith/sub 17, L_0000025b9ef95b10, L_0000025b9ef94c10;
L_0000025b9ef94b70 .concat [ 16 1 0 0], L_0000025b9eec99b0, L_0000025b9ef4c868;
L_0000025b9ef94cb0 .concat [ 16 1 0 0], v0000025b9ef49c20_0, L_0000025b9ef4c8b0;
L_0000025b9ef95110 .arith/sum 17, L_0000025b9ef94b70, L_0000025b9ef94cb0;
L_0000025b9ef951b0 .functor MUXZ 17, L_0000025b9ef95110, L_0000025b9ef95610, L_0000025b9ef94ad0, C4<>;
L_0000025b9ef95750 .part v0000025b9ef49c20_0, 0, 4;
L_0000025b9ef95250 .cmp/gt.s 16, L_0000025b9eec94e0, L_0000025b9eec8f30;
L_0000025b9ef95430 .cmp/gt 16, v0000025b9ef49c20_0, L_0000025b9eec99b0;
L_0000025b9ef957f0 .cmp/eq 16, L_0000025b9eec99b0, v0000025b9ef49c20_0;
L_0000025b9efae600 .cmp/eq 5, v0000025b9ef45f20_0, L_0000025b9ef4c8f8;
L_0000025b9efae100 .cmp/eq 5, v0000025b9ef45f20_0, L_0000025b9ef4c940;
L_0000025b9efae740 .cmp/eq 16, v0000025b9ef44260_0, L_0000025b9ef4c988;
S_0000025b9ee79980 .scope module, "shared_shifter" "barrel_shifter" 5 65, 6 10 0, S_0000025b9ee797f0;
 .timescale 0 0;
    .port_info 0 /INPUT 16 "data_in";
    .port_info 1 /INPUT 4 "shift_amount";
    .port_info 2 /INPUT 1 "shift_left";
    .port_info 3 /INPUT 1 "shift_arith";
    .port_info 4 /OUTPUT 16 "data_out";
L_0000025b9eec9630 .functor AND 1, L_0000025b9efae100, L_0000025b9efac580, C4<1>, C4<1>;
v0000025b9eecf690_0 .net *"_ivl_1", 0 0, L_0000025b9efac580;  1 drivers
v0000025b9eece290_0 .net "data_in", 15 0, L_0000025b9eec99b0;  alias, 1 drivers
v0000025b9eecfeb0_0 .var "data_out", 15 0;
v0000025b9eecf2d0_0 .net "fill_bit", 0 0, L_0000025b9eec9630;  1 drivers
v0000025b9eecfe10_0 .net "shift_amount", 3 0, L_0000025b9ef95750;  alias, 1 drivers
v0000025b9eecf870_0 .net "shift_arith", 0 0, L_0000025b9efae100;  alias, 1 drivers
v0000025b9eece510_0 .net "shift_left", 0 0, L_0000025b9efae600;  alias, 1 drivers
E_0000025b9eedc270 .event edge, v0000025b9eece510_0, v0000025b9eece290_0, v0000025b9eecfe10_0, v0000025b9eecf870_0;
L_0000025b9efac580 .part L_0000025b9eec99b0, 15, 1;
S_0000025b9eea99c0 .scope module, "ctrl" "control_unit" 4 235, 7 10 0, S_0000025b9ee4a7e0;
 .timescale 0 0;
    .port_info 0 /INPUT 4 "opcode";
    .port_info 1 /INPUT 3 "funct3";
    .port_info 2 /OUTPUT 5 "alu_op";
    .port_info 3 /OUTPUT 1 "reg_write_en";
    .port_info 4 /OUTPUT 1 "mem_read_en";
    .port_info 5 /OUTPUT 1 "mem_write_en";
    .port_info 6 /OUTPUT 2 "pc_sel";
    .port_info 7 /OUTPUT 2 "reg_data_sel";
P_0000025b9eea9b50 .param/l "OP_BRANCH" 1 7 27, C4<0100>;
P_0000025b9eea9b88 .param/l "OP_IMM" 1 7 23, C4<0000>;
P_0000025b9eea9bc0 .param/l "OP_JAL" 1 7 28, C4<0101>;
P_0000025b9eea9bf8 .param/l "OP_JALR" 1 7 29, C4<0110>;
P_0000025b9eea9c30 .param/l "OP_LOAD" 1 7 25, C4<0010>;
P_0000025b9eea9c68 .param/l "OP_LUI" 1 7 30, C4<0111>;
P_0000025b9eea9ca0 .param/l "OP_REG" 1 7 24, C4<0001>;
P_0000025b9eea9cd8 .param/l "OP_STORE" 1 7 26, C4<0011>;
v0000025b9ef45f20_0 .var "alu_op", 4 0;
v0000025b9ef44620_0 .net "funct3", 2 0, L_0000025b9ef4aab0;  alias, 1 drivers
v0000025b9ef45fc0_0 .var "mem_read_en", 0 0;
v0000025b9ef44da0_0 .var "mem_write_en", 0 0;
v0000025b9ef44440_0 .net "opcode", 3 0, L_0000025b9ef4a8d0;  alias, 1 drivers
v0000025b9ef45ac0_0 .var "pc_sel", 1 0;
v0000025b9ef44120_0 .var "reg_data_sel", 1 0;
v0000025b9ef458e0_0 .var "reg_write_en", 0 0;
E_0000025b9eeda930 .event edge, v0000025b9ef44440_0, v0000025b9ef44620_0;
S_0000025b9ee6b770 .scope module, "i2c_ctrl" "i2c_controller" 4 179, 8 10 0, S_0000025b9ee4a7e0;
 .timescale 0 0;
    .port_info 0 /INPUT 1 "clk";
    .port_info 1 /INPUT 1 "rst_n";
    .port_info 2 /INPUT 1 "start";
    .port_info 3 /INPUT 1 "read_write";
    .port_info 4 /INPUT 16 "address";
    .port_info 5 /INPUT 8 "write_data";
    .port_info 6 /OUTPUT 8 "read_data";
    .port_info 7 /OUTPUT 1 "ready";
    .port_info 8 /OUTPUT 1 "error";
    .port_info 9 /INOUT 1 "sda";
    .port_info 10 /OUTPUT 1 "scl";
P_0000025b9ee6b900 .param/l "ACK_CHECK" 1 8 42, C4<1010>;
P_0000025b9ee6b938 .param/l "ADDR_HIGH" 1 8 35, C4<0011>;
P_0000025b9ee6b970 .param/l "ADDR_LOW" 1 8 36, C4<0100>;
P_0000025b9ee6b9a8 .param/l "CLK_DIV" 0 8 12, +C4<00000000000000000000000001100100>;
P_0000025b9ee6b9e0 .param/l "DEVICE_ADDR" 0 8 11, C4<1010000>;
P_0000025b9ee6ba18 .param/l "DEV_ADDR" 1 8 34, C4<0010>;
P_0000025b9ee6ba50 .param/l "IDLE" 1 8 32, C4<0000>;
P_0000025b9ee6ba88 .param/l "READ_ADDR" 1 8 39, C4<0111>;
P_0000025b9ee6bac0 .param/l "READ_DATA" 1 8 40, C4<1000>;
P_0000025b9ee6baf8 .param/l "RESTART" 1 8 38, C4<0110>;
P_0000025b9ee6bb30 .param/l "START_BIT" 1 8 33, C4<0001>;
P_0000025b9ee6bb68 .param/l "STOP_BIT" 1 8 41, C4<1001>;
P_0000025b9ee6bba0 .param/l "WRITE_DATA" 1 8 37, C4<0101>;
v0000025b9ef446c0_0 .net *"_ivl_0", 31 0, L_0000025b9ef945d0;  1 drivers
o0000025b9ef00c28 .functor BUFZ 1, C4<z>; HiZ drive
; Elide local net with no drivers, v0000025b9ef44800_0 name=_ivl_12
L_0000025b9ef4c310 .functor BUFT 1, C4<000000000000000000000000>, C4<0>, C4<0>, C4<0>;
v0000025b9ef45c00_0 .net *"_ivl_3", 23 0, L_0000025b9ef4c310;  1 drivers
L_0000025b9ef4c358 .functor BUFT 1, C4<00000000000000000000000000110001>, C4<0>, C4<0>, C4<0>;
v0000025b9ef45840_0 .net/2u *"_ivl_4", 31 0, L_0000025b9ef4c358;  1 drivers
v0000025b9ef45980_0 .var "ack_received", 0 0;
v0000025b9ef45d40_0 .net "addr_high", 7 0, L_0000025b9ef94490;  1 drivers
v0000025b9ef45160_0 .net "addr_low", 7 0, L_0000025b9ef94530;  1 drivers
v0000025b9ef441c0_0 .net "address", 15 0, v0000025b9ef488c0_0;  1 drivers
v0000025b9ef45ca0_0 .var "bit_count", 3 0;
v0000025b9ef44760_0 .net "clk", 0 0, o0000025b9ef00688;  alias, 0 drivers
v0000025b9ef44a80_0 .var "clock_div", 7 0;
v0000025b9ef44b20_0 .var "error", 0 0;
v0000025b9ef44bc0_0 .net "i2c_clk", 0 0, L_0000025b9ef94210;  1 drivers
v0000025b9ef44c60_0 .var "next_state", 3 0;
v0000025b9ef453e0_0 .var "read_data", 7 0;
v0000025b9ef45520_0 .net "read_write", 0 0, v0000025b9ef49180_0;  1 drivers
v0000025b9ef45020_0 .var "ready", 0 0;
v0000025b9ef45700_0 .net "rst_n", 0 0, L_0000025b9eec9010;  alias, 1 drivers
v0000025b9ef44d00_0 .var "scl", 0 0;
v0000025b9ef44e40_0 .net8 "sda", 0 0, RS_0000025b9ef00f28;  alias, 2 drivers
v0000025b9ef457a0_0 .var "sda_oe", 0 0;
v0000025b9ef44f80_0 .var "sda_out", 0 0;
v0000025b9ef46310_0 .var "shift_reg", 7 0;
v0000025b9ef463b0_0 .net "start", 0 0, v0000025b9ef49d60_0;  1 drivers
v0000025b9ef47e90_0 .var "state", 3 0;
v0000025b9ef46450_0 .net "write_data", 7 0, v0000025b9ef49680_0;  1 drivers
E_0000025b9eedc5b0/0 .event edge, v0000025b9ef47e90_0, v0000025b9ef463b0_0, v0000025b9ef45ca0_0, v0000025b9ef44d00_0;
E_0000025b9eedc5b0/1 .event edge, v0000025b9ef45980_0, v0000025b9ef45520_0;
E_0000025b9eedc5b0 .event/or E_0000025b9eedc5b0/0, E_0000025b9eedc5b0/1;
E_0000025b9eedb730/0 .event negedge, v0000025b9ef45de0_0;
E_0000025b9eedb730/1 .event posedge, v0000025b9ef45a20_0;
E_0000025b9eedb730 .event/or E_0000025b9eedb730/0, E_0000025b9eedb730/1;
L_0000025b9ef945d0 .concat [ 8 24 0 0], v0000025b9ef44a80_0, L_0000025b9ef4c310;
L_0000025b9ef94210 .cmp/eq 32, L_0000025b9ef945d0, L_0000025b9ef4c358;
L_0000025b9ef94490 .part v0000025b9ef488c0_0, 8, 8;
L_0000025b9ef94530 .part v0000025b9ef488c0_0, 0, 8;
L_0000025b9ef96010 .functor MUXZ 1, o0000025b9ef00c28, v0000025b9ef44f80_0, v0000025b9ef457a0_0, C4<>;
S_0000025b9ee12bc0 .scope module, "regfile" "register_file" 4 193, 9 10 0, S_0000025b9ee4a7e0;
 .timescale 0 0;
    .port_info 0 /INPUT 1 "clk";
    .port_info 1 /INPUT 1 "rst_n";
    .port_info 2 /INPUT 3 "read_addr1";
    .port_info 3 /INPUT 3 "read_addr2";
    .port_info 4 /INPUT 3 "write_addr";
    .port_info 5 /INPUT 16 "write_data";
    .port_info 6 /INPUT 1 "write_enable";
    .port_info 7 /OUTPUT 16 "data_out1";
    .port_info 8 /OUTPUT 16 "data_out2";
L_0000025b9eec9e10 .functor OR 1, L_0000025b9ef94670, L_0000025b9ef952f0, C4<0>, C4<0>;
L_0000025b9eec9d30 .functor OR 1, L_0000025b9ef959d0, L_0000025b9ef94710, C4<0>, C4<0>;
L_0000025b9ef4c3a0 .functor BUFT 1, C4<000>, C4<0>, C4<0>, C4<0>;
v0000025b9ef47f30_0 .net/2u *"_ivl_0", 2 0, L_0000025b9ef4c3a0;  1 drivers
L_0000025b9ef4c430 .functor BUFT 1, C4<0000000000000000>, C4<0>, C4<0>, C4<0>;
v0000025b9ef46ef0_0 .net/2u *"_ivl_10", 15 0, L_0000025b9ef4c430;  1 drivers
v0000025b9ef46a90_0 .net *"_ivl_12", 15 0, L_0000025b9ef94d50;  1 drivers
v0000025b9ef464f0_0 .net *"_ivl_14", 3 0, L_0000025b9ef95390;  1 drivers
L_0000025b9ef4c478 .functor BUFT 1, C4<0>, C4<0>, C4<0>, C4<0>;
v0000025b9ef46f90_0 .net *"_ivl_17", 0 0, L_0000025b9ef4c478;  1 drivers
v0000025b9ef46c70_0 .net *"_ivl_2", 0 0, L_0000025b9ef94670;  1 drivers
L_0000025b9ef4c4c0 .functor BUFT 1, C4<000>, C4<0>, C4<0>, C4<0>;
v0000025b9ef46950_0 .net/2u *"_ivl_20", 2 0, L_0000025b9ef4c4c0;  1 drivers
v0000025b9ef47fd0_0 .net *"_ivl_22", 0 0, L_0000025b9ef959d0;  1 drivers
L_0000025b9ef4c508 .functor BUFT 1, C4<110>, C4<0>, C4<0>, C4<0>;
v0000025b9ef478f0_0 .net/2u *"_ivl_24", 2 0, L_0000025b9ef4c508;  1 drivers
v0000025b9ef46d10_0 .net *"_ivl_26", 0 0, L_0000025b9ef94710;  1 drivers
v0000025b9ef475d0_0 .net *"_ivl_29", 0 0, L_0000025b9eec9d30;  1 drivers
L_0000025b9ef4c550 .functor BUFT 1, C4<0000000000000000>, C4<0>, C4<0>, C4<0>;
v0000025b9ef46770_0 .net/2u *"_ivl_30", 15 0, L_0000025b9ef4c550;  1 drivers
v0000025b9ef47710_0 .net *"_ivl_32", 15 0, L_0000025b9ef954d0;  1 drivers
v0000025b9ef46270_0 .net *"_ivl_34", 3 0, L_0000025b9ef95070;  1 drivers
L_0000025b9ef4c598 .functor BUFT 1, C4<0>, C4<0>, C4<0>, C4<0>;
v0000025b9ef469f0_0 .net *"_ivl_37", 0 0, L_0000025b9ef4c598;  1 drivers
L_0000025b9ef4c3e8 .functor BUFT 1, C4<110>, C4<0>, C4<0>, C4<0>;
v0000025b9ef46810_0 .net/2u *"_ivl_4", 2 0, L_0000025b9ef4c3e8;  1 drivers
v0000025b9ef47850_0 .net *"_ivl_6", 0 0, L_0000025b9ef952f0;  1 drivers
v0000025b9ef47df0_0 .net *"_ivl_9", 0 0, L_0000025b9eec9e10;  1 drivers
v0000025b9ef470d0_0 .net "clk", 0 0, o0000025b9ef00688;  alias, 0 drivers
v0000025b9ef473f0_0 .net "data_out1", 15 0, L_0000025b9ef95930;  alias, 1 drivers
v0000025b9ef468b0_0 .net "data_out2", 15 0, L_0000025b9ef956b0;  alias, 1 drivers
v0000025b9ef46b30_0 .var/i "i", 31 0;
v0000025b9ef46590_0 .net "read_addr1", 2 0, L_0000025b9ef4a970;  alias, 1 drivers
v0000025b9ef46130_0 .net "read_addr2", 2 0, L_0000025b9ef4aa10;  alias, 1 drivers
v0000025b9ef47a30 .array "registers", 0 5, 15 0;
v0000025b9ef46630_0 .net "rst_n", 0 0, L_0000025b9eec9010;  alias, 1 drivers
v0000025b9ef47030_0 .net "write_addr", 2 0, L_0000025b9ef4ab50;  alias, 1 drivers
v0000025b9ef466d0_0 .net "write_data", 15 0, L_0000025b9ef94990;  1 drivers
v0000025b9ef46bd0_0 .net "write_enable", 0 0, L_0000025b9eec92b0;  1 drivers
L_0000025b9ef94670 .cmp/eq 3, L_0000025b9ef4a970, L_0000025b9ef4c3a0;
L_0000025b9ef952f0 .cmp/ge 3, L_0000025b9ef4a970, L_0000025b9ef4c3e8;
L_0000025b9ef94d50 .array/port v0000025b9ef47a30, L_0000025b9ef95390;
L_0000025b9ef95390 .concat [ 3 1 0 0], L_0000025b9ef4a970, L_0000025b9ef4c478;
L_0000025b9ef95930 .functor MUXZ 16, L_0000025b9ef94d50, L_0000025b9ef4c430, L_0000025b9eec9e10, C4<>;
L_0000025b9ef959d0 .cmp/eq 3, L_0000025b9ef4aa10, L_0000025b9ef4c4c0;
L_0000025b9ef94710 .cmp/ge 3, L_0000025b9ef4aa10, L_0000025b9ef4c508;
L_0000025b9ef954d0 .array/port v0000025b9ef47a30, L_0000025b9ef95070;
L_0000025b9ef95070 .concat [ 3 1 0 0], L_0000025b9ef4aa10, L_0000025b9ef4c598;
L_0000025b9ef956b0 .functor MUXZ 16, L_0000025b9ef954d0, L_0000025b9ef4c550, L_0000025b9eec9d30, C4<>;
    .scope S_0000025b9ee6b770;
T_0 ;
    %wait E_0000025b9eedb730;
    %load/vec4 v0000025b9ef45700_0;
    %nor/r;
    %flag_set/vec4 8;
    %jmp/0xz  T_0.0, 8;
    %pushi/vec4 0, 0, 8;
    %assign/vec4 v0000025b9ef44a80_0, 0;
    %jmp T_0.1;
T_0.0 ;
    %load/vec4 v0000025b9ef44a80_0;
    %pad/u 32;
    %cmpi/e 99, 0, 32;
    %flag_mov 8, 4;
    %jmp/0 T_0.2, 8;
    %pushi/vec4 0, 0, 8;
    %jmp/1 T_0.3, 8;
T_0.2 ; End of true expr.
    %load/vec4 v0000025b9ef44a80_0;
    %addi 1, 0, 8;
    %jmp/0 T_0.3, 8;
 ; End of false expr.
    %blend;
T_0.3;
    %assign/vec4 v0000025b9ef44a80_0, 0;
T_0.1 ;
    %jmp T_0;
    .thread T_0;
    .scope S_0000025b9ee6b770;
T_1 ;
    %wait E_0000025b9eedb730;
    %load/vec4 v0000025b9ef45700_0;
    %nor/r;
    %flag_set/vec4 8;
    %jmp/0xz  T_1.0, 8;
    %pushi/vec4 0, 0, 4;
    %assign/vec4 v0000025b9ef47e90_0, 0;
    %pushi/vec4 1, 0, 1;
    %assign/vec4 v0000025b9ef44d00_0, 0;
    %pushi/vec4 1, 0, 1;
    %assign/vec4 v0000025b9ef44f80_0, 0;
    %pushi/vec4 0, 0, 1;
    %assign/vec4 v0000025b9ef457a0_0, 0;
    %pushi/vec4 1, 0, 1;
    %assign/vec4 v0000025b9ef45020_0, 0;
    %pushi/vec4 0, 0, 1;
    %assign/vec4 v0000025b9ef44b20_0, 0;
    %pushi/vec4 0, 0, 4;
    %assign/vec4 v0000025b9ef45ca0_0, 0;
    %pushi/vec4 0, 0, 8;
    %assign/vec4 v0000025b9ef46310_0, 0;
    %pushi/vec4 0, 0, 8;
    %assign/vec4 v0000025b9ef453e0_0, 0;
    %pushi/vec4 0, 0, 1;
    %assign/vec4 v0000025b9ef45980_0, 0;
    %jmp T_1.1;
T_1.0 ;
    %load/vec4 v0000025b9ef44bc0_0;
    %flag_set/vec4 8;
    %jmp/0xz  T_1.2, 8;
    %load/vec4 v0000025b9ef44c60_0;
    %assign/vec4 v0000025b9ef47e90_0, 0;
    %load/vec4 v0000025b9ef47e90_0;
    %dup/vec4;
    %pushi/vec4 0, 0, 4;
    %cmp/u;
    %jmp/1 T_1.4, 6;
    %dup/vec4;
    %pushi/vec4 1, 0, 4;
    %cmp/u;
    %jmp/1 T_1.5, 6;
    %dup/vec4;
    %pushi/vec4 2, 0, 4;
    %cmp/u;
    %jmp/1 T_1.6, 6;
    %dup/vec4;
    %pushi/vec4 10, 0, 4;
    %cmp/u;
    %jmp/1 T_1.7, 6;
    %dup/vec4;
    %pushi/vec4 3, 0, 4;
    %cmp/u;
    %jmp/1 T_1.8, 6;
    %dup/vec4;
    %pushi/vec4 4, 0, 4;
    %cmp/u;
    %jmp/1 T_1.9, 6;
    %dup/vec4;
    %pushi/vec4 5, 0, 4;
    %cmp/u;
    %jmp/1 T_1.10, 6;
    %dup/vec4;
    %pushi/vec4 6, 0, 4;
    %cmp/u;
    %jmp/1 T_1.11, 6;
    %dup/vec4;
    %pushi/vec4 7, 0, 4;
    %cmp/u;
    %jmp/1 T_1.12, 6;
    %dup/vec4;
    %pushi/vec4 8, 0, 4;
    %cmp/u;
    %jmp/1 T_1.13, 6;
    %dup/vec4;
    %pushi/vec4 9, 0, 4;
    %cmp/u;
    %jmp/1 T_1.14, 6;
    %jmp T_1.15;
T_1.4 ;
    %pushi/vec4 1, 0, 1;
    %assign/vec4 v0000025b9ef45020_0, 0;
    %pushi/vec4 0, 0, 1;
    %assign/vec4 v0000025b9ef44b20_0, 0;
    %pushi/vec4 1, 0, 1;
    %assign/vec4 v0000025b9ef44d00_0, 0;
    %pushi/vec4 1, 0, 1;
    %assign/vec4 v0000025b9ef44f80_0, 0;
    %pushi/vec4 0, 0, 1;
    %assign/vec4 v0000025b9ef457a0_0, 0;
    %load/vec4 v0000025b9ef463b0_0;
    %flag_set/vec4 8;
    %jmp/0xz  T_1.16, 8;
    %pushi/vec4 0, 0, 1;
    %assign/vec4 v0000025b9ef45020_0, 0;
T_1.16 ;
    %jmp T_1.15;
T_1.5 ;
    %pushi/vec4 1, 0, 1;
    %assign/vec4 v0000025b9ef457a0_0, 0;
    %pushi/vec4 0, 0, 1;
    %assign/vec4 v0000025b9ef44f80_0, 0;
    %pushi/vec4 1, 0, 1;
    %assign/vec4 v0000025b9ef44d00_0, 0;
    %pushi/vec4 160, 0, 8;
    %assign/vec4 v0000025b9ef46310_0, 0;
    %pushi/vec4 8, 0, 4;
    %assign/vec4 v0000025b9ef45ca0_0, 0;
    %jmp T_1.15;
T_1.6 ;
    %load/vec4 v0000025b9ef44d00_0;
    %inv;
    %assign/vec4 v0000025b9ef44d00_0, 0;
    %load/vec4 v0000025b9ef44d00_0;
    %nor/r;
    %flag_set/vec4 8;
    %jmp/0xz  T_1.18, 8;
    %load/vec4 v0000025b9ef46310_0;
    %parti/s 1, 7, 4;
    %assign/vec4 v0000025b9ef44f80_0, 0;
    %load/vec4 v0000025b9ef46310_0;
    %ix/load 4, 1, 0;
    %flag_set/imm 4, 0;
    %shiftl 4;
    %assign/vec4 v0000025b9ef46310_0, 0;
    %load/vec4 v0000025b9ef45ca0_0;
    %subi 1, 0, 4;
    %assign/vec4 v0000025b9ef45ca0_0, 0;
T_1.18 ;
    %jmp T_1.15;
T_1.7 ;
    %load/vec4 v0000025b9ef44d00_0;
    %inv;
    %assign/vec4 v0000025b9ef44d00_0, 0;
    %load/vec4 v0000025b9ef44d00_0;
    %nor/r;
    %flag_set/vec4 8;
    %jmp/0xz  T_1.20, 8;
    %pushi/vec4 0, 0, 1;
    %assign/vec4 v0000025b9ef457a0_0, 0;
    %jmp T_1.21;
T_1.20 ;
    %load/vec4 v0000025b9ef44e40_0;
    %nor/r;
    %assign/vec4 v0000025b9ef45980_0, 0;
    %pushi/vec4 1, 0, 1;
    %assign/vec4 v0000025b9ef457a0_0, 0;
T_1.21 ;
    %jmp T_1.15;
T_1.8 ;
    %load/vec4 v0000025b9ef44d00_0;
    %inv;
    %assign/vec4 v0000025b9ef44d00_0, 0;
    %load/vec4 v0000025b9ef44d00_0;
    %nor/r;
    %flag_set/vec4 8;
    %jmp/0xz  T_1.22, 8;
    %load/vec4 v0000025b9ef46310_0;
    %parti/s 1, 7, 4;
    %assign/vec4 v0000025b9ef44f80_0, 0;
    %load/vec4 v0000025b9ef46310_0;
    %ix/load 4, 1, 0;
    %flag_set/imm 4, 0;
    %shiftl 4;
    %assign/vec4 v0000025b9ef46310_0, 0;
    %load/vec4 v0000025b9ef45ca0_0;
    %subi 1, 0, 4;
    %assign/vec4 v0000025b9ef45ca0_0, 0;
T_1.22 ;
    %jmp T_1.15;
T_1.9 ;
    %load/vec4 v0000025b9ef44d00_0;
    %inv;
    %assign/vec4 v0000025b9ef44d00_0, 0;
    %load/vec4 v0000025b9ef44d00_0;
    %nor/r;
    %flag_set/vec4 8;
    %jmp/0xz  T_1.24, 8;
    %load/vec4 v0000025b9ef46310_0;
    %parti/s 1, 7, 4;
    %assign/vec4 v0000025b9ef44f80_0, 0;
    %load/vec4 v0000025b9ef46310_0;
    %ix/load 4, 1, 0;
    %flag_set/imm 4, 0;
    %shiftl 4;
    %assign/vec4 v0000025b9ef46310_0, 0;
    %load/vec4 v0000025b9ef45ca0_0;
    %subi 1, 0, 4;
    %assign/vec4 v0000025b9ef45ca0_0, 0;
T_1.24 ;
    %jmp T_1.15;
T_1.10 ;
    %load/vec4 v0000025b9ef44d00_0;
    %inv;
    %assign/vec4 v0000025b9ef44d00_0, 0;
    %load/vec4 v0000025b9ef44d00_0;
    %nor/r;
    %flag_set/vec4 8;
    %jmp/0xz  T_1.26, 8;
    %load/vec4 v0000025b9ef46310_0;
    %parti/s 1, 7, 4;
    %assign/vec4 v0000025b9ef44f80_0, 0;
    %load/vec4 v0000025b9ef46310_0;
    %ix/load 4, 1, 0;
    %flag_set/imm 4, 0;
    %shiftl 4;
    %assign/vec4 v0000025b9ef46310_0, 0;
    %load/vec4 v0000025b9ef45ca0_0;
    %subi 1, 0, 4;
    %assign/vec4 v0000025b9ef45ca0_0, 0;
T_1.26 ;
    %jmp T_1.15;
T_1.11 ;
    %pushi/vec4 1, 0, 1;
    %assign/vec4 v0000025b9ef44f80_0, 0;
    %pushi/vec4 1, 0, 1;
    %assign/vec4 v0000025b9ef44d00_0, 0;
    %pushi/vec4 0, 0, 1;
    %assign/vec4 v0000025b9ef44f80_0, 0;
    %pushi/vec4 161, 0, 8;
    %assign/vec4 v0000025b9ef46310_0, 0;
    %pushi/vec4 8, 0, 4;
    %assign/vec4 v0000025b9ef45ca0_0, 0;
    %jmp T_1.15;
T_1.12 ;
    %load/vec4 v0000025b9ef44d00_0;
    %inv;
    %assign/vec4 v0000025b9ef44d00_0, 0;
    %load/vec4 v0000025b9ef44d00_0;
    %nor/r;
    %flag_set/vec4 8;
    %jmp/0xz  T_1.28, 8;
    %load/vec4 v0000025b9ef46310_0;
    %parti/s 1, 7, 4;
    %assign/vec4 v0000025b9ef44f80_0, 0;
    %load/vec4 v0000025b9ef46310_0;
    %ix/load 4, 1, 0;
    %flag_set/imm 4, 0;
    %shiftl 4;
    %assign/vec4 v0000025b9ef46310_0, 0;
    %load/vec4 v0000025b9ef45ca0_0;
    %subi 1, 0, 4;
    %assign/vec4 v0000025b9ef45ca0_0, 0;
T_1.28 ;
    %jmp T_1.15;
T_1.13 ;
    %load/vec4 v0000025b9ef44d00_0;
    %inv;
    %assign/vec4 v0000025b9ef44d00_0, 0;
    %load/vec4 v0000025b9ef44d00_0;
    %nor/r;
    %flag_set/vec4 8;
    %jmp/0xz  T_1.30, 8;
    %pushi/vec4 0, 0, 1;
    %assign/vec4 v0000025b9ef457a0_0, 0;
    %jmp T_1.31;
T_1.30 ;
    %load/vec4 v0000025b9ef46310_0;
    %parti/s 7, 0, 2;
    %load/vec4 v0000025b9ef44e40_0;
    %concat/vec4; draw_concat_vec4
    %assign/vec4 v0000025b9ef46310_0, 0;
    %load/vec4 v0000025b9ef45ca0_0;
    %subi 1, 0, 4;
    %assign/vec4 v0000025b9ef45ca0_0, 0;
T_1.31 ;
    %jmp T_1.15;
T_1.14 ;
    %pushi/vec4 1, 0, 1;
    %assign/vec4 v0000025b9ef44d00_0, 0;
    %pushi/vec4 1, 0, 1;
    %assign/vec4 v0000025b9ef457a0_0, 0;
    %pushi/vec4 1, 0, 1;
    %assign/vec4 v0000025b9ef44f80_0, 0;
    %load/vec4 v0000025b9ef46310_0;
    %assign/vec4 v0000025b9ef453e0_0, 0;
    %jmp T_1.15;
T_1.15 ;
    %pop/vec4 1;
T_1.2 ;
T_1.1 ;
    %jmp T_1;
    .thread T_1;
    .scope S_0000025b9ee6b770;
T_2 ;
Ewait_0 .event/or E_0000025b9eedc5b0, E_0x0;
    %wait Ewait_0;
    %load/vec4 v0000025b9ef47e90_0;
    %store/vec4 v0000025b9ef44c60_0, 0, 4;
    %load/vec4 v0000025b9ef47e90_0;
    %dup/vec4;
    %pushi/vec4 0, 0, 4;
    %cmp/u;
    %jmp/1 T_2.0, 6;
    %dup/vec4;
    %pushi/vec4 1, 0, 4;
    %cmp/u;
    %jmp/1 T_2.1, 6;
    %dup/vec4;
    %pushi/vec4 2, 0, 4;
    %cmp/u;
    %jmp/1 T_2.2, 6;
    %dup/vec4;
    %pushi/vec4 10, 0, 4;
    %cmp/u;
    %jmp/1 T_2.3, 6;
    %dup/vec4;
    %pushi/vec4 3, 0, 4;
    %cmp/u;
    %jmp/1 T_2.4, 6;
    %dup/vec4;
    %pushi/vec4 4, 0, 4;
    %cmp/u;
    %jmp/1 T_2.5, 6;
    %dup/vec4;
    %pushi/vec4 5, 0, 4;
    %cmp/u;
    %jmp/1 T_2.6, 6;
    %dup/vec4;
    %pushi/vec4 6, 0, 4;
    %cmp/u;
    %jmp/1 T_2.7, 6;
    %dup/vec4;
    %pushi/vec4 7, 0, 4;
    %cmp/u;
    %jmp/1 T_2.8, 6;
    %dup/vec4;
    %pushi/vec4 8, 0, 4;
    %cmp/u;
    %jmp/1 T_2.9, 6;
    %dup/vec4;
    %pushi/vec4 9, 0, 4;
    %cmp/u;
    %jmp/1 T_2.10, 6;
    %jmp T_2.11;
T_2.0 ;
    %load/vec4 v0000025b9ef463b0_0;
    %flag_set/vec4 8;
    %jmp/0xz  T_2.12, 8;
    %pushi/vec4 1, 0, 4;
    %store/vec4 v0000025b9ef44c60_0, 0, 4;
T_2.12 ;
    %jmp T_2.11;
T_2.1 ;
    %pushi/vec4 2, 0, 4;
    %store/vec4 v0000025b9ef44c60_0, 0, 4;
    %jmp T_2.11;
T_2.2 ;
    %load/vec4 v0000025b9ef45ca0_0;
    %pad/u 32;
    %cmpi/e 0, 0, 32;
    %jmp/0xz  T_2.14, 4;
    %pushi/vec4 10, 0, 4;
    %store/vec4 v0000025b9ef44c60_0, 0, 4;
T_2.14 ;
    %jmp T_2.11;
T_2.3 ;
    %load/vec4 v0000025b9ef44d00_0;
    %load/vec4 v0000025b9ef45980_0;
    %and;
    %flag_set/vec4 8;
    %jmp/0xz  T_2.16, 8;
    %load/vec4 v0000025b9ef47e90_0;
    %cmpi/e 2, 0, 4;
    %jmp/0xz  T_2.18, 4;
    %pushi/vec4 3, 0, 4;
    %store/vec4 v0000025b9ef44c60_0, 0, 4;
    %jmp T_2.19;
T_2.18 ;
    %load/vec4 v0000025b9ef45520_0;
    %flag_set/vec4 8;
    %jmp/0 T_2.20, 8;
    %pushi/vec4 8, 0, 4;
    %jmp/1 T_2.21, 8;
T_2.20 ; End of true expr.
    %pushi/vec4 9, 0, 4;
    %jmp/0 T_2.21, 8;
 ; End of false expr.
    %blend;
T_2.21;
    %store/vec4 v0000025b9ef44c60_0, 0, 4;
T_2.19 ;
    %jmp T_2.17;
T_2.16 ;
    %load/vec4 v0000025b9ef44d00_0;
    %load/vec4 v0000025b9ef45980_0;
    %nor/r;
    %and;
    %flag_set/vec4 8;
    %jmp/0xz  T_2.22, 8;
    %pushi/vec4 9, 0, 4;
    %store/vec4 v0000025b9ef44c60_0, 0, 4;
T_2.22 ;
T_2.17 ;
    %jmp T_2.11;
T_2.4 ;
    %load/vec4 v0000025b9ef45ca0_0;
    %pad/u 32;
    %cmpi/e 0, 0, 32;
    %jmp/0xz  T_2.24, 4;
    %pushi/vec4 10, 0, 4;
    %store/vec4 v0000025b9ef44c60_0, 0, 4;
T_2.24 ;
    %jmp T_2.11;
T_2.5 ;
    %load/vec4 v0000025b9ef45ca0_0;
    %pad/u 32;
    %cmpi/e 0, 0, 32;
    %jmp/0xz  T_2.26, 4;
    %load/vec4 v0000025b9ef45520_0;
    %flag_set/vec4 8;
    %jmp/0 T_2.28, 8;
    %pushi/vec4 6, 0, 4;
    %jmp/1 T_2.29, 8;
T_2.28 ; End of true expr.
    %pushi/vec4 5, 0, 4;
    %jmp/0 T_2.29, 8;
 ; End of false expr.
    %blend;
T_2.29;
    %store/vec4 v0000025b9ef44c60_0, 0, 4;
T_2.26 ;
    %jmp T_2.11;
T_2.6 ;
    %load/vec4 v0000025b9ef45ca0_0;
    %pad/u 32;
    %cmpi/e 0, 0, 32;
    %jmp/0xz  T_2.30, 4;
    %pushi/vec4 10, 0, 4;
    %store/vec4 v0000025b9ef44c60_0, 0, 4;
T_2.30 ;
    %jmp T_2.11;
T_2.7 ;
    %pushi/vec4 7, 0, 4;
    %store/vec4 v0000025b9ef44c60_0, 0, 4;
    %jmp T_2.11;
T_2.8 ;
    %load/vec4 v0000025b9ef45ca0_0;
    %pad/u 32;
    %cmpi/e 0, 0, 32;
    %jmp/0xz  T_2.32, 4;
    %pushi/vec4 10, 0, 4;
    %store/vec4 v0000025b9ef44c60_0, 0, 4;
T_2.32 ;
    %jmp T_2.11;
T_2.9 ;
    %load/vec4 v0000025b9ef45ca0_0;
    %pad/u 32;
    %cmpi/e 0, 0, 32;
    %jmp/0xz  T_2.34, 4;
    %pushi/vec4 9, 0, 4;
    %store/vec4 v0000025b9ef44c60_0, 0, 4;
T_2.34 ;
    %jmp T_2.11;
T_2.10 ;
    %pushi/vec4 0, 0, 4;
    %store/vec4 v0000025b9ef44c60_0, 0, 4;
    %jmp T_2.11;
T_2.11 ;
    %pop/vec4 1;
    %jmp T_2;
    .thread T_2, $push;
    .scope S_0000025b9ee12bc0;
T_3 ;
    %wait E_0000025b9eedb730;
    %load/vec4 v0000025b9ef46630_0;
    %nor/r;
    %flag_set/vec4 8;
    %jmp/0xz  T_3.0, 8;
    %pushi/vec4 0, 0, 32;
    %store/vec4 v0000025b9ef46b30_0, 0, 32;
T_3.2 ;
    %load/vec4 v0000025b9ef46b30_0;
    %cmpi/s 6, 0, 32;
    %jmp/0xz T_3.3, 5;
    %pushi/vec4 0, 0, 16;
    %ix/getv/s 3, v0000025b9ef46b30_0;
    %ix/load 4, 0, 0; Constant delay
    %assign/vec4/a/d v0000025b9ef47a30, 0, 4;
    %load/vec4 v0000025b9ef46b30_0;
    %addi 1, 0, 32;
    %store/vec4 v0000025b9ef46b30_0, 0, 32;
    %jmp T_3.2;
T_3.3 ;
    %jmp T_3.1;
T_3.0 ;
    %load/vec4 v0000025b9ef46bd0_0;
    %load/vec4 v0000025b9ef47030_0;
    %pushi/vec4 0, 0, 3;
    %cmp/ne;
    %flag_get/vec4 4;
    %and;
    %load/vec4 v0000025b9ef47030_0;
    %cmpi/u 6, 0, 3;
    %flag_get/vec4 5;
    %and;
    %flag_set/vec4 8;
    %jmp/0xz  T_3.4, 8;
    %load/vec4 v0000025b9ef466d0_0;
    %load/vec4 v0000025b9ef47030_0;
    %pad/u 4;
    %ix/vec4 3;
    %ix/load 4, 0, 0; Constant delay
    %assign/vec4/a/d v0000025b9ef47a30, 0, 4;
T_3.4 ;
T_3.1 ;
    %jmp T_3;
    .thread T_3;
    .scope S_0000025b9ee79980;
T_4 ;
    %wait E_0000025b9eedc270;
    %load/vec4 v0000025b9eece510_0;
    %flag_set/vec4 8;
    %jmp/0xz  T_4.0, 8;
    %load/vec4 v0000025b9eece290_0;
    %ix/getv 4, v0000025b9eecfe10_0;
    %shiftl 4;
    %store/vec4 v0000025b9eecfeb0_0, 0, 16;
    %jmp T_4.1;
T_4.0 ;
    %load/vec4 v0000025b9eecf870_0;
    %flag_set/vec4 8;
    %jmp/0xz  T_4.2, 8;
    %load/vec4 v0000025b9eece290_0;
    %ix/getv 4, v0000025b9eecfe10_0;
    %shiftr/s 4;
    %store/vec4 v0000025b9eecfeb0_0, 0, 16;
    %jmp T_4.3;
T_4.2 ;
    %load/vec4 v0000025b9eece290_0;
    %ix/getv 4, v0000025b9eecfe10_0;
    %shiftr 4;
    %store/vec4 v0000025b9eecfeb0_0, 0, 16;
T_4.3 ;
T_4.1 ;
    %jmp T_4;
    .thread T_4, $push;
    .scope S_0000025b9ee797f0;
T_5 ;
    %wait E_0000025b9eedac30;
    %load/vec4 v0000025b9ef444e0_0;
    %dup/vec4;
    %pushi/vec4 0, 0, 5;
    %cmp/u;
    %jmp/1 T_5.0, 6;
    %dup/vec4;
    %pushi/vec4 1, 0, 5;
    %cmp/u;
    %jmp/1 T_5.1, 6;
    %dup/vec4;
    %pushi/vec4 2, 0, 5;
    %cmp/u;
    %jmp/1 T_5.2, 6;
    %dup/vec4;
    %pushi/vec4 3, 0, 5;
    %cmp/u;
    %jmp/1 T_5.3, 6;
    %dup/vec4;
    %pushi/vec4 4, 0, 5;
    %cmp/u;
    %jmp/1 T_5.4, 6;
    %dup/vec4;
    %pushi/vec4 5, 0, 5;
    %cmp/u;
    %jmp/1 T_5.5, 6;
    %dup/vec4;
    %pushi/vec4 6, 0, 5;
    %cmp/u;
    %jmp/1 T_5.6, 6;
    %dup/vec4;
    %pushi/vec4 7, 0, 5;
    %cmp/u;
    %jmp/1 T_5.7, 6;
    %dup/vec4;
    %pushi/vec4 8, 0, 5;
    %cmp/u;
    %jmp/1 T_5.8, 6;
    %dup/vec4;
    %pushi/vec4 9, 0, 5;
    %cmp/u;
    %jmp/1 T_5.9, 6;
    %dup/vec4;
    %pushi/vec4 16, 0, 5;
    %cmp/u;
    %jmp/1 T_5.10, 6;
    %dup/vec4;
    %pushi/vec4 17, 0, 5;
    %cmp/u;
    %jmp/1 T_5.11, 6;
    %dup/vec4;
    %pushi/vec4 18, 0, 5;
    %cmp/u;
    %jmp/1 T_5.12, 6;
    %dup/vec4;
    %pushi/vec4 19, 0, 5;
    %cmp/u;
    %jmp/1 T_5.13, 6;
    %dup/vec4;
    %pushi/vec4 20, 0, 5;
    %cmp/u;
    %jmp/1 T_5.14, 6;
    %dup/vec4;
    %pushi/vec4 21, 0, 5;
    %cmp/u;
    %jmp/1 T_5.15, 6;
    %pushi/vec4 0, 0, 16;
    %store/vec4 v0000025b9ef44260_0, 0, 16;
    %jmp T_5.17;
T_5.0 ;
    %load/vec4 v0000025b9ef452a0_0;
    %parti/s 16, 0, 2;
    %store/vec4 v0000025b9ef44260_0, 0, 16;
    %jmp T_5.17;
T_5.1 ;
    %load/vec4 v0000025b9ef452a0_0;
    %parti/s 16, 0, 2;
    %store/vec4 v0000025b9ef44260_0, 0, 16;
    %jmp T_5.17;
T_5.2 ;
    %load/vec4 v0000025b9ef45480_0;
    %load/vec4 v0000025b9ef44580_0;
    %and;
    %store/vec4 v0000025b9ef44260_0, 0, 16;
    %jmp T_5.17;
T_5.3 ;
    %load/vec4 v0000025b9ef45480_0;
    %load/vec4 v0000025b9ef44580_0;
    %or;
    %store/vec4 v0000025b9ef44260_0, 0, 16;
    %jmp T_5.17;
T_5.4 ;
    %load/vec4 v0000025b9ef45480_0;
    %load/vec4 v0000025b9ef44580_0;
    %xor;
    %store/vec4 v0000025b9ef44260_0, 0, 16;
    %jmp T_5.17;
T_5.5 ;
    %load/vec4 v0000025b9ef449e0_0;
    %flag_set/vec4 8;
    %jmp/0 T_5.18, 8;
    %pushi/vec4 1, 0, 16;
    %jmp/1 T_5.19, 8;
T_5.18 ; End of true expr.
    %pushi/vec4 0, 0, 16;
    %jmp/0 T_5.19, 8;
 ; End of false expr.
    %blend;
T_5.19;
    %store/vec4 v0000025b9ef44260_0, 0, 16;
    %jmp T_5.17;
T_5.6 ;
    %load/vec4 v0000025b9ef44300_0;
    %flag_set/vec4 8;
    %jmp/0 T_5.20, 8;
    %pushi/vec4 1, 0, 16;
    %jmp/1 T_5.21, 8;
T_5.20 ; End of true expr.
    %pushi/vec4 0, 0, 16;
    %jmp/0 T_5.21, 8;
 ; End of false expr.
    %blend;
T_5.21;
    %store/vec4 v0000025b9ef44260_0, 0, 16;
    %jmp T_5.17;
T_5.7 ;
    %load/vec4 v0000025b9ef45340_0;
    %store/vec4 v0000025b9ef44260_0, 0, 16;
    %jmp T_5.17;
T_5.8 ;
    %load/vec4 v0000025b9ef45340_0;
    %store/vec4 v0000025b9ef44260_0, 0, 16;
    %jmp T_5.17;
T_5.9 ;
    %load/vec4 v0000025b9ef45340_0;
    %store/vec4 v0000025b9ef44260_0, 0, 16;
    %jmp T_5.17;
T_5.10 ;
    %load/vec4 v0000025b9ef44940_0;
    %flag_set/vec4 8;
    %jmp/0 T_5.22, 8;
    %pushi/vec4 1, 0, 16;
    %jmp/1 T_5.23, 8;
T_5.22 ; End of true expr.
    %pushi/vec4 0, 0, 16;
    %jmp/0 T_5.23, 8;
 ; End of false expr.
    %blend;
T_5.23;
    %store/vec4 v0000025b9ef44260_0, 0, 16;
    %jmp T_5.17;
T_5.11 ;
    %load/vec4 v0000025b9ef44940_0;
    %flag_set/vec4 8;
    %jmp/0 T_5.24, 8;
    %pushi/vec4 0, 0, 16;
    %jmp/1 T_5.25, 8;
T_5.24 ; End of true expr.
    %pushi/vec4 1, 0, 16;
    %jmp/0 T_5.25, 8;
 ; End of false expr.
    %blend;
T_5.25;
    %store/vec4 v0000025b9ef44260_0, 0, 16;
    %jmp T_5.17;
T_5.12 ;
    %load/vec4 v0000025b9ef449e0_0;
    %flag_set/vec4 8;
    %jmp/0 T_5.26, 8;
    %pushi/vec4 1, 0, 16;
    %jmp/1 T_5.27, 8;
T_5.26 ; End of true expr.
    %pushi/vec4 0, 0, 16;
    %jmp/0 T_5.27, 8;
 ; End of false expr.
    %blend;
T_5.27;
    %store/vec4 v0000025b9ef44260_0, 0, 16;
    %jmp T_5.17;
T_5.13 ;
    %load/vec4 v0000025b9ef449e0_0;
    %flag_set/vec4 8;
    %jmp/0 T_5.28, 8;
    %pushi/vec4 0, 0, 16;
    %jmp/1 T_5.29, 8;
T_5.28 ; End of true expr.
    %pushi/vec4 1, 0, 16;
    %jmp/0 T_5.29, 8;
 ; End of false expr.
    %blend;
T_5.29;
    %store/vec4 v0000025b9ef44260_0, 0, 16;
    %jmp T_5.17;
T_5.14 ;
    %load/vec4 v0000025b9ef44300_0;
    %flag_set/vec4 8;
    %jmp/0 T_5.30, 8;
    %pushi/vec4 1, 0, 16;
    %jmp/1 T_5.31, 8;
T_5.30 ; End of true expr.
    %pushi/vec4 0, 0, 16;
    %jmp/0 T_5.31, 8;
 ; End of false expr.
    %blend;
T_5.31;
    %store/vec4 v0000025b9ef44260_0, 0, 16;
    %jmp T_5.17;
T_5.15 ;
    %load/vec4 v0000025b9ef44300_0;
    %flag_set/vec4 8;
    %jmp/0 T_5.32, 8;
    %pushi/vec4 0, 0, 16;
    %jmp/1 T_5.33, 8;
T_5.32 ; End of true expr.
    %pushi/vec4 1, 0, 16;
    %jmp/0 T_5.33, 8;
 ; End of false expr.
    %blend;
T_5.33;
    %store/vec4 v0000025b9ef44260_0, 0, 16;
    %jmp T_5.17;
T_5.17 ;
    %pop/vec4 1;
    %jmp T_5;
    .thread T_5, $push;
    .scope S_0000025b9eea99c0;
T_6 ;
    %wait E_0000025b9eeda930;
    %pushi/vec4 0, 0, 5;
    %store/vec4 v0000025b9ef45f20_0, 0, 5;
    %pushi/vec4 0, 0, 1;
    %store/vec4 v0000025b9ef458e0_0, 0, 1;
    %pushi/vec4 0, 0, 1;
    %store/vec4 v0000025b9ef45fc0_0, 0, 1;
    %pushi/vec4 0, 0, 1;
    %store/vec4 v0000025b9ef44da0_0, 0, 1;
    %pushi/vec4 0, 0, 2;
    %store/vec4 v0000025b9ef45ac0_0, 0, 2;
    %pushi/vec4 0, 0, 2;
    %store/vec4 v0000025b9ef44120_0, 0, 2;
    %load/vec4 v0000025b9ef44440_0;
    %dup/vec4;
    %pushi/vec4 0, 0, 4;
    %cmp/u;
    %jmp/1 T_6.0, 6;
    %dup/vec4;
    %pushi/vec4 1, 0, 4;
    %cmp/u;
    %jmp/1 T_6.1, 6;
    %dup/vec4;
    %pushi/vec4 2, 0, 4;
    %cmp/u;
    %jmp/1 T_6.2, 6;
    %dup/vec4;
    %pushi/vec4 3, 0, 4;
    %cmp/u;
    %jmp/1 T_6.3, 6;
    %dup/vec4;
    %pushi/vec4 4, 0, 4;
    %cmp/u;
    %jmp/1 T_6.4, 6;
    %dup/vec4;
    %pushi/vec4 5, 0, 4;
    %cmp/u;
    %jmp/1 T_6.5, 6;
    %dup/vec4;
    %pushi/vec4 6, 0, 4;
    %cmp/u;
    %jmp/1 T_6.6, 6;
    %dup/vec4;
    %pushi/vec4 7, 0, 4;
    %cmp/u;
    %jmp/1 T_6.7, 6;
    %pushi/vec4 0, 0, 5;
    %store/vec4 v0000025b9ef45f20_0, 0, 5;
    %pushi/vec4 0, 0, 1;
    %store/vec4 v0000025b9ef458e0_0, 0, 1;
    %jmp T_6.9;
T_6.0 ;
    %pushi/vec4 1, 0, 1;
    %store/vec4 v0000025b9ef458e0_0, 0, 1;
    %pushi/vec4 0, 0, 2;
    %store/vec4 v0000025b9ef44120_0, 0, 2;
    %load/vec4 v0000025b9ef44620_0;
    %dup/vec4;
    %pushi/vec4 0, 0, 3;
    %cmp/u;
    %jmp/1 T_6.10, 6;
    %dup/vec4;
    %pushi/vec4 1, 0, 3;
    %cmp/u;
    %jmp/1 T_6.11, 6;
    %dup/vec4;
    %pushi/vec4 2, 0, 3;
    %cmp/u;
    %jmp/1 T_6.12, 6;
    %dup/vec4;
    %pushi/vec4 3, 0, 3;
    %cmp/u;
    %jmp/1 T_6.13, 6;
    %dup/vec4;
    %pushi/vec4 4, 0, 3;
    %cmp/u;
    %jmp/1 T_6.14, 6;
    %dup/vec4;
    %pushi/vec4 5, 0, 3;
    %cmp/u;
    %jmp/1 T_6.15, 6;
    %dup/vec4;
    %pushi/vec4 6, 0, 3;
    %cmp/u;
    %jmp/1 T_6.16, 6;
    %dup/vec4;
    %pushi/vec4 7, 0, 3;
    %cmp/u;
    %jmp/1 T_6.17, 6;
    %pushi/vec4 0, 0, 5;
    %store/vec4 v0000025b9ef45f20_0, 0, 5;
    %jmp T_6.19;
T_6.10 ;
    %pushi/vec4 0, 0, 5;
    %store/vec4 v0000025b9ef45f20_0, 0, 5;
    %jmp T_6.19;
T_6.11 ;
    %pushi/vec4 7, 0, 5;
    %store/vec4 v0000025b9ef45f20_0, 0, 5;
    %jmp T_6.19;
T_6.12 ;
    %pushi/vec4 5, 0, 5;
    %store/vec4 v0000025b9ef45f20_0, 0, 5;
    %jmp T_6.19;
T_6.13 ;
    %pushi/vec4 6, 0, 5;
    %store/vec4 v0000025b9ef45f20_0, 0, 5;
    %jmp T_6.19;
T_6.14 ;
    %pushi/vec4 4, 0, 5;
    %store/vec4 v0000025b9ef45f20_0, 0, 5;
    %jmp T_6.19;
T_6.15 ;
    %pushi/vec4 8, 0, 5;
    %store/vec4 v0000025b9ef45f20_0, 0, 5;
    %jmp T_6.19;
T_6.16 ;
    %pushi/vec4 3, 0, 5;
    %store/vec4 v0000025b9ef45f20_0, 0, 5;
    %jmp T_6.19;
T_6.17 ;
    %pushi/vec4 2, 0, 5;
    %store/vec4 v0000025b9ef45f20_0, 0, 5;
    %jmp T_6.19;
T_6.19 ;
    %pop/vec4 1;
    %jmp T_6.9;
T_6.1 ;
    %pushi/vec4 1, 0, 1;
    %store/vec4 v0000025b9ef458e0_0, 0, 1;
    %pushi/vec4 0, 0, 2;
    %store/vec4 v0000025b9ef44120_0, 0, 2;
    %load/vec4 v0000025b9ef44620_0;
    %dup/vec4;
    %pushi/vec4 0, 0, 3;
    %cmp/u;
    %jmp/1 T_6.20, 6;
    %dup/vec4;
    %pushi/vec4 1, 0, 3;
    %cmp/u;
    %jmp/1 T_6.21, 6;
    %dup/vec4;
    %pushi/vec4 2, 0, 3;
    %cmp/u;
    %jmp/1 T_6.22, 6;
    %dup/vec4;
    %pushi/vec4 3, 0, 3;
    %cmp/u;
    %jmp/1 T_6.23, 6;
    %dup/vec4;
    %pushi/vec4 4, 0, 3;
    %cmp/u;
    %jmp/1 T_6.24, 6;
    %dup/vec4;
    %pushi/vec4 5, 0, 3;
    %cmp/u;
    %jmp/1 T_6.25, 6;
    %dup/vec4;
    %pushi/vec4 6, 0, 3;
    %cmp/u;
    %jmp/1 T_6.26, 6;
    %dup/vec4;
    %pushi/vec4 7, 0, 3;
    %cmp/u;
    %jmp/1 T_6.27, 6;
    %pushi/vec4 0, 0, 5;
    %store/vec4 v0000025b9ef45f20_0, 0, 5;
    %jmp T_6.29;
T_6.20 ;
    %pushi/vec4 0, 0, 5;
    %store/vec4 v0000025b9ef45f20_0, 0, 5;
    %jmp T_6.29;
T_6.21 ;
    %pushi/vec4 1, 0, 5;
    %store/vec4 v0000025b9ef45f20_0, 0, 5;
    %jmp T_6.29;
T_6.22 ;
    %pushi/vec4 7, 0, 5;
    %store/vec4 v0000025b9ef45f20_0, 0, 5;
    %jmp T_6.29;
T_6.23 ;
    %pushi/vec4 8, 0, 5;
    %store/vec4 v0000025b9ef45f20_0, 0, 5;
    %jmp T_6.29;
T_6.24 ;
    %pushi/vec4 9, 0, 5;
    %store/vec4 v0000025b9ef45f20_0, 0, 5;
    %jmp T_6.29;
T_6.25 ;
    %pushi/vec4 5, 0, 5;
    %store/vec4 v0000025b9ef45f20_0, 0, 5;
    %jmp T_6.29;
T_6.26 ;
    %pushi/vec4 3, 0, 5;
    %store/vec4 v0000025b9ef45f20_0, 0, 5;
    %jmp T_6.29;
T_6.27 ;
    %pushi/vec4 2, 0, 5;
    %store/vec4 v0000025b9ef45f20_0, 0, 5;
    %jmp T_6.29;
T_6.29 ;
    %pop/vec4 1;
    %jmp T_6.9;
T_6.2 ;
    %pushi/vec4 1, 0, 1;
    %store/vec4 v0000025b9ef458e0_0, 0, 1;
    %pushi/vec4 1, 0, 1;
    %store/vec4 v0000025b9ef45fc0_0, 0, 1;
    %pushi/vec4 1, 0, 2;
    %store/vec4 v0000025b9ef44120_0, 0, 2;
    %pushi/vec4 0, 0, 5;
    %store/vec4 v0000025b9ef45f20_0, 0, 5;
    %jmp T_6.9;
T_6.3 ;
    %pushi/vec4 1, 0, 1;
    %store/vec4 v0000025b9ef44da0_0, 0, 1;
    %pushi/vec4 0, 0, 5;
    %store/vec4 v0000025b9ef45f20_0, 0, 5;
    %jmp T_6.9;
T_6.4 ;
    %pushi/vec4 1, 0, 2;
    %store/vec4 v0000025b9ef45ac0_0, 0, 2;
    %load/vec4 v0000025b9ef44620_0;
    %dup/vec4;
    %pushi/vec4 0, 0, 3;
    %cmp/u;
    %jmp/1 T_6.30, 6;
    %dup/vec4;
    %pushi/vec4 1, 0, 3;
    %cmp/u;
    %jmp/1 T_6.31, 6;
    %dup/vec4;
    %pushi/vec4 4, 0, 3;
    %cmp/u;
    %jmp/1 T_6.32, 6;
    %dup/vec4;
    %pushi/vec4 5, 0, 3;
    %cmp/u;
    %jmp/1 T_6.33, 6;
    %dup/vec4;
    %pushi/vec4 6, 0, 3;
    %cmp/u;
    %jmp/1 T_6.34, 6;
    %dup/vec4;
    %pushi/vec4 7, 0, 3;
    %cmp/u;
    %jmp/1 T_6.35, 6;
    %pushi/vec4 16, 0, 5;
    %store/vec4 v0000025b9ef45f20_0, 0, 5;
    %jmp T_6.37;
T_6.30 ;
    %pushi/vec4 16, 0, 5;
    %store/vec4 v0000025b9ef45f20_0, 0, 5;
    %jmp T_6.37;
T_6.31 ;
    %pushi/vec4 17, 0, 5;
    %store/vec4 v0000025b9ef45f20_0, 0, 5;
    %jmp T_6.37;
T_6.32 ;
    %pushi/vec4 18, 0, 5;
    %store/vec4 v0000025b9ef45f20_0, 0, 5;
    %jmp T_6.37;
T_6.33 ;
    %pushi/vec4 19, 0, 5;
    %store/vec4 v0000025b9ef45f20_0, 0, 5;
    %jmp T_6.37;
T_6.34 ;
    %pushi/vec4 20, 0, 5;
    %store/vec4 v0000025b9ef45f20_0, 0, 5;
    %jmp T_6.37;
T_6.35 ;
    %pushi/vec4 21, 0, 5;
    %store/vec4 v0000025b9ef45f20_0, 0, 5;
    %jmp T_6.37;
T_6.37 ;
    %pop/vec4 1;
    %jmp T_6.9;
T_6.5 ;
    %pushi/vec4 1, 0, 1;
    %store/vec4 v0000025b9ef458e0_0, 0, 1;
    %pushi/vec4 2, 0, 2;
    %store/vec4 v0000025b9ef44120_0, 0, 2;
    %pushi/vec4 2, 0, 2;
    %store/vec4 v0000025b9ef45ac0_0, 0, 2;
    %jmp T_6.9;
T_6.6 ;
    %pushi/vec4 1, 0, 1;
    %store/vec4 v0000025b9ef458e0_0, 0, 1;
    %pushi/vec4 2, 0, 2;
    %store/vec4 v0000025b9ef44120_0, 0, 2;
    %pushi/vec4 3, 0, 2;
    %store/vec4 v0000025b9ef45ac0_0, 0, 2;
    %pushi/vec4 0, 0, 5;
    %store/vec4 v0000025b9ef45f20_0, 0, 5;
    %jmp T_6.9;
T_6.7 ;
    %pushi/vec4 1, 0, 1;
    %store/vec4 v0000025b9ef458e0_0, 0, 1;
    %pushi/vec4 3, 0, 2;
    %store/vec4 v0000025b9ef44120_0, 0, 2;
    %jmp T_6.9;
T_6.9 ;
    %pop/vec4 1;
    %jmp T_6;
    .thread T_6, $push;
    .scope S_0000025b9ee4a7e0;
T_7 ;
    %wait E_0000025b9eedb730;
    %load/vec4 v0000025b9ef4b410_0;
    %nor/r;
    %flag_set/vec4 8;
    %jmp/0xz  T_7.0, 8;
    %pushi/vec4 0, 0, 2;
    %assign/vec4 v0000025b9ef4a3d0_0, 0;
    %pushi/vec4 0, 0, 16;
    %assign/vec4 v0000025b9ef48f00_0, 0;
    %pushi/vec4 0, 0, 16;
    %assign/vec4 v0000025b9ef48fa0_0, 0;
    %pushi/vec4 0, 0, 1;
    %assign/vec4 v0000025b9ef48960_0, 0;
    %pushi/vec4 0, 0, 1;
    %assign/vec4 v0000025b9ef49d60_0, 0;
    %pushi/vec4 1, 0, 1;
    %assign/vec4 v0000025b9ef49180_0, 0;
    %pushi/vec4 0, 0, 16;
    %assign/vec4 v0000025b9ef488c0_0, 0;
    %pushi/vec4 0, 0, 8;
    %assign/vec4 v0000025b9ef49680_0, 0;
    %pushi/vec4 0, 0, 16;
    %assign/vec4 v0000025b9ef48aa0_0, 0;
    %jmp T_7.1;
T_7.0 ;
    %load/vec4 v0000025b9ef48dc0_0;
    %assign/vec4 v0000025b9ef4a3d0_0, 0;
    %load/vec4 v0000025b9ef4a3d0_0;
    %dup/vec4;
    %pushi/vec4 0, 0, 2;
    %cmp/u;
    %jmp/1 T_7.2, 6;
    %dup/vec4;
    %pushi/vec4 1, 0, 2;
    %cmp/u;
    %jmp/1 T_7.3, 6;
    %dup/vec4;
    %pushi/vec4 2, 0, 2;
    %cmp/u;
    %jmp/1 T_7.4, 6;
    %jmp T_7.6;
T_7.2 ;
    %load/vec4 v0000025b9ef49d60_0;
    %nor/r;
    %flag_set/vec4 8;
    %jmp/0xz  T_7.7, 8;
    %load/vec4 v0000025b9ef48f00_0;
    %ix/load 4, 1, 0;
    %flag_set/imm 4, 0;
    %shiftl 4;
    %load/vec4 v0000025b9ef48960_0;
    %pad/u 16;
    %add;
    %assign/vec4 v0000025b9ef488c0_0, 0;
    %pushi/vec4 1, 0, 1;
    %assign/vec4 v0000025b9ef49180_0, 0;
    %pushi/vec4 1, 0, 1;
    %assign/vec4 v0000025b9ef49d60_0, 0;
    %jmp T_7.8;
T_7.7 ;
    %load/vec4 v0000025b9ef495e0_0;
    %load/vec4 v0000025b9ef490e0_0;
    %nor/r;
    %and;
    %flag_set/vec4 8;
    %jmp/0xz  T_7.9, 8;
    %pushi/vec4 0, 0, 1;
    %assign/vec4 v0000025b9ef49d60_0, 0;
    %load/vec4 v0000025b9ef49a40_0;
    %load/vec4 v0000025b9ef48960_0;
    %pad/u 3;
    %ix/vec4 3;
    %ix/load 4, 0, 0; Constant delay
    %assign/vec4/a/d v0000025b9ef48320, 0, 4;
    %load/vec4 v0000025b9ef48960_0;
    %cmpi/e 1, 0, 1;
    %jmp/0xz  T_7.11, 4;
    %load/vec4 v0000025b9ef49a40_0;
    %ix/load 4, 0, 0;
    %flag_set/imm 4, 0;
    %load/vec4a v0000025b9ef48320, 4;
    %concat/vec4; draw_concat_vec4
    %assign/vec4 v0000025b9ef48fa0_0, 0;
    %pushi/vec4 0, 0, 1;
    %assign/vec4 v0000025b9ef48960_0, 0;
    %jmp T_7.12;
T_7.11 ;
    %load/vec4 v0000025b9ef48960_0;
    %pad/u 2;
    %addi 1, 0, 2;
    %pad/u 1;
    %assign/vec4 v0000025b9ef48960_0, 0;
T_7.12 ;
T_7.9 ;
T_7.8 ;
    %jmp T_7.6;
T_7.3 ;
    %load/vec4 v0000025b9ef49720_0;
    %pushi/vec4 2, 0, 4;
    %cmp/e;
    %flag_get/vec4 4;
    %load/vec4 v0000025b9ef49d60_0;
    %nor/r;
    %and;
    %flag_set/vec4 8;
    %jmp/0xz  T_7.13, 8;
    %pushi/vec4 32768, 0, 16;
    %load/vec4 v0000025b9ef48780_0;
    %add;
    %assign/vec4 v0000025b9ef488c0_0, 0;
    %pushi/vec4 1, 0, 1;
    %assign/vec4 v0000025b9ef49180_0, 0;
    %pushi/vec4 1, 0, 1;
    %assign/vec4 v0000025b9ef49d60_0, 0;
    %jmp T_7.14;
T_7.13 ;
    %load/vec4 v0000025b9ef495e0_0;
    %load/vec4 v0000025b9ef490e0_0;
    %nor/r;
    %and;
    %load/vec4 v0000025b9ef48d20_0;
    %and;
    %flag_set/vec4 8;
    %jmp/0xz  T_7.15, 8;
    %pushi/vec4 0, 0, 1;
    %assign/vec4 v0000025b9ef49d60_0, 0;
    %pushi/vec4 0, 0, 8;
    %load/vec4 v0000025b9ef49a40_0;
    %concat/vec4; draw_concat_vec4
    %assign/vec4 v0000025b9ef48aa0_0, 0;
T_7.15 ;
T_7.14 ;
    %jmp T_7.6;
T_7.4 ;
    %load/vec4 v0000025b9ef48f00_0;
    %addi 1, 0, 16;
    %assign/vec4 v0000025b9ef48f00_0, 0;
    %jmp T_7.6;
T_7.6 ;
    %pop/vec4 1;
T_7.1 ;
    %jmp T_7;
    .thread T_7;
    .scope S_0000025b9ee4a7e0;
T_8 ;
Ewait_1 .event/or E_0000025b9eedb5f0, E_0x0;
    %wait Ewait_1;
    %load/vec4 v0000025b9ef4a3d0_0;
    %dup/vec4;
    %pushi/vec4 0, 0, 2;
    %cmp/u;
    %jmp/1 T_8.0, 6;
    %dup/vec4;
    %pushi/vec4 1, 0, 2;
    %cmp/u;
    %jmp/1 T_8.1, 6;
    %dup/vec4;
    %pushi/vec4 2, 0, 2;
    %cmp/u;
    %jmp/1 T_8.2, 6;
    %dup/vec4;
    %pushi/vec4 3, 0, 2;
    %cmp/u;
    %jmp/1 T_8.3, 6;
    %pushi/vec4 0, 0, 2;
    %store/vec4 v0000025b9ef48dc0_0, 0, 2;
    %jmp T_8.5;
T_8.0 ;
    %load/vec4 v0000025b9ef495e0_0;
    %load/vec4 v0000025b9ef490e0_0;
    %nor/r;
    %and;
    %flag_set/vec4 8;
    %jmp/0xz  T_8.6, 8;
    %pushi/vec4 1, 0, 2;
    %store/vec4 v0000025b9ef48dc0_0, 0, 2;
    %jmp T_8.7;
T_8.6 ;
    %pushi/vec4 0, 0, 2;
    %store/vec4 v0000025b9ef48dc0_0, 0, 2;
T_8.7 ;
    %jmp T_8.5;
T_8.1 ;
    %load/vec4 v0000025b9ef49720_0;
    %pushi/vec4 2, 0, 4;
    %cmp/e;
    %flag_get/vec4 4;
    %load/vec4 v0000025b9ef495e0_0;
    %nor/r;
    %and;
    %flag_set/vec4 8;
    %jmp/0xz  T_8.8, 8;
    %pushi/vec4 1, 0, 2;
    %store/vec4 v0000025b9ef48dc0_0, 0, 2;
    %jmp T_8.9;
T_8.8 ;
    %pushi/vec4 2, 0, 2;
    %store/vec4 v0000025b9ef48dc0_0, 0, 2;
T_8.9 ;
    %jmp T_8.5;
T_8.2 ;
    %load/vec4 v0000025b9ef48fa0_0;
    %cmpi/e 0, 0, 16;
    %jmp/0xz  T_8.10, 4;
    %pushi/vec4 3, 0, 2;
    %store/vec4 v0000025b9ef48dc0_0, 0, 2;
    %jmp T_8.11;
T_8.10 ;
    %pushi/vec4 0, 0, 2;
    %store/vec4 v0000025b9ef48dc0_0, 0, 2;
T_8.11 ;
    %jmp T_8.5;
T_8.3 ;
    %pushi/vec4 3, 0, 2;
    %store/vec4 v0000025b9ef48dc0_0, 0, 2;
    %jmp T_8.5;
T_8.5 ;
    %pop/vec4 1;
    %jmp T_8;
    .thread T_8, $push;
    .scope S_0000025b9ee4a7e0;
T_9 ;
    %wait E_0000025b9eeda9b0;
    %load/vec4 v0000025b9ef49720_0;
    %pad/u 6;
    %dup/vec4;
    %pushi/vec4 19, 0, 6;
    %cmp/u;
    %jmp/1 T_9.0, 6;
    %dup/vec4;
    %pushi/vec4 3, 0, 6;
    %cmp/u;
    %jmp/1 T_9.1, 6;
    %dup/vec4;
    %pushi/vec4 35, 0, 6;
    %cmp/u;
    %jmp/1 T_9.2, 6;
    %load/vec4 v0000025b9ef4a650_0;
    %store/vec4 v0000025b9ef49c20_0, 0, 16;
    %jmp T_9.4;
T_9.0 ;
    %load/vec4 v0000025b9ef49ea0_0;
    %store/vec4 v0000025b9ef49c20_0, 0, 16;
    %jmp T_9.4;
T_9.1 ;
    %load/vec4 v0000025b9ef49ea0_0;
    %store/vec4 v0000025b9ef49c20_0, 0, 16;
    %jmp T_9.4;
T_9.2 ;
    %load/vec4 v0000025b9ef48b40_0;
    %store/vec4 v0000025b9ef49c20_0, 0, 16;
    %jmp T_9.4;
T_9.4 ;
    %pop/vec4 1;
    %jmp T_9;
    .thread T_9, $push;
# The file index is used to find the file name in the following table.
:file_names 10;
    "N/A";
    "<interactive>";
    "-";
    "src\project.v";
    "src\riscv_cpu.v";
    "src\alu.v";
    "src\barrel_shifter.v";
    "src\control_unit.v";
    "src\i2c_controller.v";
    "src\register_file.v";
